{"/Users/harshmodi/Desktop/res-old/automated-api-one/backend/src/app.service.ts": {"path":"/Users/harshmodi/Desktop/res-old/automated-api-one/backend/src/app.service.ts","statementMap":{"0":{"start":{"line":1,"column":0},"end":{"line":1,"column":44}},"1":{"start":{"line":4,"column":7},"end":{"line":8,"column":null}},"2":{"start":{"line":6,"column":4},"end":{"line":6,"column":26}},"3":{"start":{"line":4,"column":13},"end":{"line":4,"column":23}},"4":{"start":{"line":4,"column":13},"end":{"line":8,"column":null}}},"fnMap":{"0":{"name":"(anonymous_1)","decl":{"start":{"line":5,"column":2},"end":{"line":5,"column":10}},"loc":{"start":{"line":5,"column":10},"end":{"line":7,"column":3}}}},"branchMap":{},"s":{"0":1,"1":1,"2":1,"3":1,"4":1},"f":{"0":1},"b":{}}
,"/Users/harshmodi/Desktop/res-old/automated-api-one/backend/src/prisma.service.ts": {"path":"/Users/harshmodi/Desktop/res-old/automated-api-one/backend/src/prisma.service.ts","statementMap":{"0":{"start":{"line":1,"column":0},"end":{"line":1,"column":9}},"1":{"start":{"line":1,"column":9},"end":{"line":1,"column":65}}},"fnMap":{"0":{"name":"(anonymous_0)","decl":{"start":{"line":1,"column":9},"end":{"line":1,"column":22}},"loc":{"start":{"line":1,"column":9},"end":{"line":1,"column":65}}}},"branchMap":{},"s":{"0":12,"1":99},"f":{"0":87},"b":{}}
,"/Users/harshmodi/Desktop/res-old/automated-api-one/backend/src/auth/auth.service.ts": {"path":"/Users/harshmodi/Desktop/res-old/automated-api-one/backend/src/auth/auth.service.ts","statementMap":{"0":{"start":{"line":1,"column":0},"end":{"line":1,"column":88}},"1":{"start":{"line":2,"column":0},"end":{"line":2,"column":41}},"2":{"start":{"line":3,"column":0},"end":{"line":3,"column":54}},"3":{"start":{"line":4,"column":0},"end":{"line":4,"column":47}},"4":{"start":{"line":5,"column":0},"end":{"line":5,"column":33}},"5":{"start":{"line":13,"column":7},"end":{"line":120,"column":null}},"6":{"start":{"line":15,"column":21},"end":{"line":15,"column":47}},"7":{"start":{"line":18,"column":21},"end":{"line":18,"column":35}},"8":{"start":{"line":19,"column":21},"end":{"line":19,"column":33}},"9":{"start":{"line":20,"column":21},"end":{"line":20,"column":36}},"10":{"start":{"line":24,"column":19},"end":{"line":24,"column":94}},"11":{"start":{"line":25,"column":4},"end":{"line":25,"column":25}},"12":{"start":{"line":30,"column":4},"end":{"line":32,"column":5}},"13":{"start":{"line":31,"column":6},"end":{"line":31,"column":68}},"14":{"start":{"line":35,"column":16},"end":{"line":35,"column":70}},"15":{"start":{"line":36,"column":22},"end":{"line":36,"column":58}},"16":{"start":{"line":38,"column":4},"end":{"line":38,"column":50}},"17":{"start":{"line":41,"column":4},"end":{"line":41,"column":78}},"18":{"start":{"line":43,"column":4},"end":{"line":46,"column":6}},"19":{"start":{"line":53,"column":19},"end":{"line":53,"column":44}},"20":{"start":{"line":56,"column":25},"end":{"line":56,"column":41}},"21":{"start":{"line":57,"column":29},"end":{"line":57,"column":90}},"22":{"start":{"line":59,"column":4},"end":{"line":61,"column":5}},"23":{"start":{"line":60,"column":6},"end":{"line":60,"column":64}},"24":{"start":{"line":64,"column":4},"end":{"line":64,"column":33}},"25":{"start":{"line":67,"column":17},"end":{"line":67,"column":67}},"26":{"start":{"line":68,"column":20},"end":{"line":68,"column":57}},"27":{"start":{"line":69,"column":24},"end":{"line":69,"column":53}},"28":{"start":{"line":71,"column":4},"end":{"line":75,"column":6}},"29":{"start":{"line":79,"column":4},"end":{"line":81,"column":5}},"30":{"start":{"line":80,"column":6},"end":{"line":80,"column":85}},"31":{"start":{"line":83,"column":17},"end":{"line":83,"column":41}},"32":{"start":{"line":84,"column":27},"end":{"line":84,"column":55}},"33":{"start":{"line":85,"column":21},"end":{"line":85,"column":60}},"34":{"start":{"line":87,"column":4},"end":{"line":87,"column":57}},"35":{"start":{"line":88,"column":4},"end":{"line":88,"column":29}},"36":{"start":{"line":98,"column":17},"end":{"line":98,"column":61}},"37":{"start":{"line":99,"column":4},"end":{"line":101,"column":5}},"38":{"start":{"line":100,"column":6},"end":{"line":100,"column":87}},"39":{"start":{"line":103,"column":27},"end":{"line":103,"column":55}},"40":{"start":{"line":104,"column":24},"end":{"line":104,"column":75}},"41":{"start":{"line":105,"column":4},"end":{"line":107,"column":5}},"42":{"start":{"line":106,"column":6},"end":{"line":106,"column":54}},"43":{"start":{"line":110,"column":4},"end":{"line":110,"column":81}},"44":{"start":{"line":112,"column":20},"end":{"line":112,"column":57}},"45":{"start":{"line":113,"column":24},"end":{"line":113,"column":53}},"46":{"start":{"line":115,"column":4},"end":{"line":118,"column":6}},"47":{"start":{"line":13,"column":13},"end":{"line":13,"column":24}},"48":{"start":{"line":13,"column":13},"end":{"line":120,"column":null}}},"fnMap":{"0":{"name":"(anonymous_11)","decl":{"start":{"line":17,"column":2},"end":{"line":17,"column":null}},"loc":{"start":{"line":20,"column":49},"end":{"line":21,"column":6}}},"1":{"name":"(anonymous_12)","decl":{"start":{"line":23,"column":10},"end":{"line":23,"column":27}},"loc":{"start":{"line":23,"column":40},"end":{"line":26,"column":3}}},"2":{"name":"(anonymous_13)","decl":{"start":{"line":28,"column":2},"end":{"line":28,"column":7}},"loc":{"start":{"line":28,"column":30},"end":{"line":47,"column":3}}},"3":{"name":"(anonymous_14)","decl":{"start":{"line":49,"column":2},"end":{"line":49,"column":7}},"loc":{"start":{"line":51,"column":15},"end":{"line":76,"column":3}}},"4":{"name":"(anonymous_15)","decl":{"start":{"line":78,"column":2},"end":{"line":78,"column":7}},"loc":{"start":{"line":78,"column":46},"end":{"line":89,"column":3}}},"5":{"name":"(anonymous_16)","decl":{"start":{"line":91,"column":2},"end":{"line":91,"column":7}},"loc":{"start":{"line":96,"column":21},"end":{"line":119,"column":3}}}},"branchMap":{"0":{"loc":{"start":{"line":30,"column":4},"end":{"line":32,"column":5}},"type":"if","locations":[{"start":{"line":30,"column":4},"end":{"line":32,"column":5}},{"start":{},"end":{}}]},"1":{"loc":{"start":{"line":30,"column":8},"end":{"line":30,"column":70}},"type":"binary-expr","locations":[{"start":{"line":30,"column":8},"end":{"line":30,"column":42}},{"start":{"line":30,"column":46},"end":{"line":30,"column":70}}]},"2":{"loc":{"start":{"line":57,"column":29},"end":{"line":57,"column":90}},"type":"binary-expr","locations":[{"start":{"line":57,"column":29},"end":{"line":57,"column":35}},{"start":{"line":57,"column":39},"end":{"line":57,"column":57}},{"start":{"line":57,"column":61},"end":{"line":57,"column":90}}]},"3":{"loc":{"start":{"line":59,"column":4},"end":{"line":61,"column":5}},"type":"if","locations":[{"start":{"line":59,"column":4},"end":{"line":61,"column":5}},{"start":{},"end":{}}]},"4":{"loc":{"start":{"line":59,"column":8},"end":{"line":59,"column":42}},"type":"binary-expr","locations":[{"start":{"line":59,"column":8},"end":{"line":59,"column":21}},{"start":{"line":59,"column":25},"end":{"line":59,"column":42}}]},"5":{"loc":{"start":{"line":79,"column":4},"end":{"line":81,"column":5}},"type":"if","locations":[{"start":{"line":79,"column":4},"end":{"line":81,"column":5}},{"start":{},"end":{}}]},"6":{"loc":{"start":{"line":79,"column":8},"end":{"line":79,"column":54}},"type":"binary-expr","locations":[{"start":{"line":79,"column":8},"end":{"line":79,"column":29}},{"start":{"line":79,"column":33},"end":{"line":79,"column":54}}]},"7":{"loc":{"start":{"line":99,"column":4},"end":{"line":101,"column":5}},"type":"if","locations":[{"start":{"line":99,"column":4},"end":{"line":101,"column":5}},{"start":{},"end":{}}]},"8":{"loc":{"start":{"line":99,"column":8},"end":{"line":99,"column":31}},"type":"binary-expr","locations":[{"start":{"line":99,"column":8},"end":{"line":99,"column":13}},{"start":{"line":99,"column":17},"end":{"line":99,"column":31}}]},"9":{"loc":{"start":{"line":105,"column":4},"end":{"line":107,"column":5}},"type":"if","locations":[{"start":{"line":105,"column":4},"end":{"line":107,"column":5}},{"start":{},"end":{}}]},"10":{"loc":{"start":{"line":18,"column":35},"end":{"line":18,"column":null}},"type":"cond-expr","locations":[{"start":{"line":18,"column":47},"end":{"line":18,"column":null}},{"start":{"line":18,"column":47},"end":{"line":18,"column":null}}]},"11":{"loc":{"start":{"line":18,"column":35},"end":{"line":18,"column":47}},"type":"binary-expr","locations":[{"start":{"line":18,"column":35},"end":{"line":18,"column":null}},{"start":{"line":18,"column":35},"end":{"line":18,"column":47}}]},"12":{"loc":{"start":{"line":18,"column":47},"end":{"line":19,"column":null}},"type":"cond-expr","locations":[{"start":{"line":19,"column":43},"end":{"line":19,"column":null}},{"start":{"line":19,"column":43},"end":{"line":19,"column":null}}]},"13":{"loc":{"start":{"line":18,"column":47},"end":{"line":19,"column":43}},"type":"binary-expr","locations":[{"start":{"line":18,"column":47},"end":{"line":19,"column":null}},{"start":{"line":19,"column":33},"end":{"line":19,"column":43}}]},"14":{"loc":{"start":{"line":19,"column":43},"end":{"line":20,"column":null}},"type":"cond-expr","locations":[{"start":{"line":20,"column":49},"end":{"line":20,"column":null}},{"start":{"line":20,"column":49},"end":{"line":20,"column":null}}]},"15":{"loc":{"start":{"line":19,"column":43},"end":{"line":20,"column":49}},"type":"binary-expr","locations":[{"start":{"line":19,"column":43},"end":{"line":20,"column":null}},{"start":{"line":20,"column":36},"end":{"line":20,"column":49}}]}},"s":{"0":1,"1":1,"2":1,"3":1,"4":1,"5":1,"6":11,"7":11,"8":11,"9":11,"10":4,"11":4,"12":3,"13":1,"14":2,"15":2,"16":2,"17":2,"18":2,"19":3,"20":3,"21":3,"22":3,"23":1,"24":2,"25":2,"26":2,"27":2,"28":2,"29":3,"30":1,"31":2,"32":2,"33":2,"34":2,"35":2,"36":3,"37":3,"38":1,"39":2,"40":2,"41":2,"42":1,"43":1,"44":1,"45":1,"46":1,"47":1,"48":1},"f":{"0":11,"1":4,"2":3,"3":3,"4":3,"5":3},"b":{"0":[1,2],"1":[3,1],"2":[3,1,1],"3":[1,2],"4":[3,2],"5":[1,2],"6":[3,2],"7":[1,2],"8":[3,3],"9":[1,1],"10":[1,0],"11":[1,1],"12":[1,0],"13":[1,1],"14":[1,0],"15":[1,1]}}
,"/Users/harshmodi/Desktop/res-old/automated-api-one/backend/src/brokers/factory/broker.factory.ts": {"path":"/Users/harshmodi/Desktop/res-old/automated-api-one/backend/src/brokers/factory/broker.factory.ts","statementMap":{"0":{"start":{"line":1,"column":0},"end":{"line":1,"column":65}},"1":{"start":{"line":2,"column":0},"end":{"line":2,"column":61}},"2":{"start":{"line":7,"column":7},"end":{"line":17,"column":null}},"3":{"start":{"line":8,"column":31},"end":{"line":8,"column":41}},"4":{"start":{"line":11,"column":20},"end":{"line":11,"column":43}},"5":{"start":{"line":12,"column":4},"end":{"line":14,"column":5}},"6":{"start":{"line":13,"column":6},"end":{"line":13,"column":86}},"7":{"start":{"line":15,"column":4},"end":{"line":15,"column":19}},"8":{"start":{"line":7,"column":13},"end":{"line":7,"column":26}},"9":{"start":{"line":7,"column":13},"end":{"line":17,"column":null}}},"fnMap":{"0":{"name":"(anonymous_2)","decl":{"start":{"line":8,"column":2},"end":{"line":8,"column":31}},"loc":{"start":{"line":8,"column":55},"end":{"line":8,"column":59}}},"1":{"name":"(anonymous_3)","decl":{"start":{"line":10,"column":2},"end":{"line":10,"column":12}},"loc":{"start":{"line":10,"column":29},"end":{"line":16,"column":3}}}},"branchMap":{"0":{"loc":{"start":{"line":12,"column":4},"end":{"line":14,"column":5}},"type":"if","locations":[{"start":{"line":12,"column":4},"end":{"line":14,"column":5}},{"start":{},"end":{}}]},"1":{"loc":{"start":{"line":8,"column":41},"end":{"line":8,"column":58}},"type":"cond-expr","locations":[{"start":{"line":8,"column":55},"end":{"line":8,"column":58}},{"start":{"line":8,"column":55},"end":{"line":8,"column":58}}]},"2":{"loc":{"start":{"line":8,"column":41},"end":{"line":8,"column":55}},"type":"binary-expr","locations":[{"start":{"line":8,"column":41},"end":{"line":8,"column":58}},{"start":{"line":8,"column":41},"end":{"line":8,"column":55}}]}},"s":{"0":1,"1":1,"2":1,"3":5,"4":2,"5":2,"6":1,"7":1,"8":1,"9":1},"f":{"0":5,"1":2},"b":{"0":[1,1],"1":[1,0],"2":[1,1]}}
,"/Users/harshmodi/Desktop/res-old/automated-api-one/backend/src/brokers/interfaces/broker-adapter.interface.ts": {"path":"/Users/harshmodi/Desktop/res-old/automated-api-one/backend/src/brokers/interfaces/broker-adapter.interface.ts","statementMap":{"0":{"start":{"line":3,"column":0},"end":{"line":3,"column":22}}},"fnMap":{},"branchMap":{},"s":{"0":1},"f":{},"b":{}}
,"/Users/harshmodi/Desktop/res-old/automated-api-one/backend/src/brokers/interfaces/broker-type.enum.ts": {"path":"/Users/harshmodi/Desktop/res-old/automated-api-one/backend/src/brokers/interfaces/broker-type.enum.ts","statementMap":{"0":{"start":{"line":1,"column":0},"end":{"line":1,"column":null}},"1":{"start":{"line":2,"column":2},"end":{"line":2,"column":null}},"2":{"start":{"line":3,"column":2},"end":{"line":3,"column":null}},"3":{"start":{"line":4,"column":2},"end":{"line":4,"column":null}},"4":{"start":{"line":5,"column":2},"end":{"line":5,"column":null}},"5":{"start":{"line":6,"column":2},"end":{"line":6,"column":null}}},"fnMap":{"0":{"name":"(anonymous_0)","decl":{"start":{"line":1,"column":0},"end":{"line":1,"column":12}},"loc":{"start":{"line":1,"column":22},"end":{"line":7,"column":1}}}},"branchMap":{"0":{"loc":{"start":{"line":1,"column":12},"end":{"line":1,"column":null}},"type":"binary-expr","locations":[{"start":{"line":1,"column":12},"end":{"line":1,"column":22}},{"start":{"line":1,"column":22},"end":{"line":1,"column":null}}]}},"s":{"0":1,"1":1,"2":1,"3":1,"4":1,"5":1},"f":{"0":1},"b":{"0":[1,1]}}
,"/Users/harshmodi/Desktop/res-old/automated-api-one/backend/src/brokers/registry/broker.registry.ts": {"path":"/Users/harshmodi/Desktop/res-old/automated-api-one/backend/src/brokers/registry/broker.registry.ts","statementMap":{"0":{"start":{"line":1,"column":0},"end":{"line":1,"column":58}},"1":{"start":{"line":3,"column":0},"end":{"line":3,"column":60}},"2":{"start":{"line":4,"column":0},"end":{"line":4,"column":65}},"3":{"start":{"line":7,"column":7},"end":{"line":23,"column":null}},"4":{"start":{"line":8,"column":30},"end":{"line":8,"column":66}},"5":{"start":{"line":10,"column":31},"end":{"line":10,"column":41}},"6":{"start":{"line":13,"column":4},"end":{"line":13,"column":55}},"7":{"start":{"line":17,"column":4},"end":{"line":17,"column":37}},"8":{"start":{"line":21,"column":4},"end":{"line":21,"column":35}},"9":{"start":{"line":7,"column":13},"end":{"line":7,"column":27}},"10":{"start":{"line":7,"column":13},"end":{"line":23,"column":null}}},"fnMap":{"0":{"name":"(anonymous_2)","decl":{"start":{"line":10,"column":2},"end":{"line":10,"column":31}},"loc":{"start":{"line":10,"column":56},"end":{"line":10,"column":60}}},"1":{"name":"(anonymous_3)","decl":{"start":{"line":12,"column":2},"end":{"line":12,"column":14}},"loc":{"start":{"line":12,"column":14},"end":{"line":14,"column":3}}},"2":{"name":"(anonymous_4)","decl":{"start":{"line":16,"column":2},"end":{"line":16,"column":10}},"loc":{"start":{"line":16,"column":51},"end":{"line":18,"column":3}}},"3":{"name":"(anonymous_5)","decl":{"start":{"line":20,"column":2},"end":{"line":20,"column":5}},"loc":{"start":{"line":20,"column":22},"end":{"line":22,"column":3}}}},"branchMap":{"0":{"loc":{"start":{"line":10,"column":41},"end":{"line":10,"column":59}},"type":"cond-expr","locations":[{"start":{"line":10,"column":56},"end":{"line":10,"column":59}},{"start":{"line":10,"column":56},"end":{"line":10,"column":59}}]},"1":{"loc":{"start":{"line":10,"column":41},"end":{"line":10,"column":56}},"type":"binary-expr","locations":[{"start":{"line":10,"column":41},"end":{"line":10,"column":59}},{"start":{"line":10,"column":41},"end":{"line":10,"column":56}}]}},"s":{"0":1,"1":1,"2":1,"3":1,"4":5,"5":5,"6":1,"7":3,"8":5,"9":1,"10":1},"f":{"0":5,"1":1,"2":3,"3":5},"b":{"0":[1,0],"1":[1,1]}}
,"/Users/harshmodi/Desktop/res-old/automated-api-one/backend/src/common/constants/seed.constants.ts": {"path":"/Users/harshmodi/Desktop/res-old/automated-api-one/backend/src/common/constants/seed.constants.ts","statementMap":{"0":{"start":{"line":1,"column":13},"end":{"line":12,"column":2}},"1":{"start":{"line":14,"column":13},"end":{"line":30,"column":2}},"2":{"start":{"line":32,"column":13},"end":{"line":58,"column":2}},"3":{"start":{"line":60,"column":13},"end":{"line":77,"column":2}}},"fnMap":{},"branchMap":{},"s":{"0":2,"1":2,"2":2,"3":2},"f":{},"b":{}}
,"/Users/harshmodi/Desktop/res-old/automated-api-one/backend/src/consents/consents.service.ts": {"path":"/Users/harshmodi/Desktop/res-old/automated-api-one/backend/src/consents/consents.service.ts","statementMap":{"0":{"start":{"line":1,"column":0},"end":{"line":1,"column":65}},"1":{"start":{"line":2,"column":0},"end":{"line":2,"column":50}},"2":{"start":{"line":3,"column":0},"end":{"line":3,"column":60}},"3":{"start":{"line":6,"column":7},"end":{"line":106,"column":null}},"4":{"start":{"line":7,"column":31},"end":{"line":7,"column":39}},"5":{"start":{"line":10,"column":16},"end":{"line":10,"column":26}},"6":{"start":{"line":12,"column":4},"end":{"line":12,"column":43}},"7":{"start":{"line":16,"column":21},"end":{"line":16,"column":46}},"8":{"start":{"line":17,"column":4},"end":{"line":17,"column":49}},"9":{"start":{"line":21,"column":21},"end":{"line":21,"column":46}},"10":{"start":{"line":22,"column":4},"end":{"line":22,"column":49}},"11":{"start":{"line":26,"column":18},"end":{"line":26,"column":43}},"12":{"start":{"line":27,"column":22},"end":{"line":27,"column":48}},"13":{"start":{"line":30,"column":21},"end":{"line":35,"column":6}},"14":{"start":{"line":37,"column":4},"end":{"line":39,"column":5}},"15":{"start":{"line":38,"column":6},"end":{"line":38,"column":22}},"16":{"start":{"line":41,"column":4},"end":{"line":50,"column":5}},"17":{"start":{"line":42,"column":6},"end":{"line":49,"column":9}},"18":{"start":{"line":52,"column":4},"end":{"line":59,"column":7}},"19":{"start":{"line":63,"column":18},"end":{"line":63,"column":43}},"20":{"start":{"line":65,"column":20},"end":{"line":74,"column":6}},"21":{"start":{"line":76,"column":4},"end":{"line":78,"column":5}},"22":{"start":{"line":77,"column":6},"end":{"line":77,"column":39}},"23":{"start":{"line":80,"column":4},"end":{"line":83,"column":6}},"24":{"start":{"line":87,"column":18},"end":{"line":87,"column":43}},"25":{"start":{"line":88,"column":21},"end":{"line":93,"column":6}},"26":{"start":{"line":95,"column":4},"end":{"line":97,"column":5}},"27":{"start":{"line":96,"column":6},"end":{"line":96,"column":72}},"28":{"start":{"line":99,"column":4},"end":{"line":104,"column":7}},"29":{"start":{"line":6,"column":13},"end":{"line":6,"column":28}},"30":{"start":{"line":6,"column":13},"end":{"line":106,"column":null}}},"fnMap":{"0":{"name":"(anonymous_2)","decl":{"start":{"line":7,"column":2},"end":{"line":7,"column":31}},"loc":{"start":{"line":7,"column":52},"end":{"line":7,"column":56}}},"1":{"name":"(anonymous_3)","decl":{"start":{"line":9,"column":10},"end":{"line":9,"column":28}},"loc":{"start":{"line":9,"column":28},"end":{"line":13,"column":3}}},"2":{"name":"(anonymous_4)","decl":{"start":{"line":15,"column":10},"end":{"line":15,"column":28}},"loc":{"start":{"line":15,"column":28},"end":{"line":18,"column":3}}},"3":{"name":"(anonymous_5)","decl":{"start":{"line":20,"column":10},"end":{"line":20,"column":29}},"loc":{"start":{"line":20,"column":29},"end":{"line":23,"column":3}}},"4":{"name":"(anonymous_6)","decl":{"start":{"line":25,"column":2},"end":{"line":25,"column":7}},"loc":{"start":{"line":25,"column":35},"end":{"line":60,"column":3}}},"5":{"name":"(anonymous_7)","decl":{"start":{"line":62,"column":2},"end":{"line":62,"column":7}},"loc":{"start":{"line":62,"column":39},"end":{"line":84,"column":3}}},"6":{"name":"(anonymous_8)","decl":{"start":{"line":86,"column":2},"end":{"line":86,"column":7}},"loc":{"start":{"line":86,"column":36},"end":{"line":105,"column":3}}}},"branchMap":{"0":{"loc":{"start":{"line":37,"column":4},"end":{"line":39,"column":5}},"type":"if","locations":[{"start":{"line":37,"column":4},"end":{"line":39,"column":5}},{"start":{},"end":{}}]},"1":{"loc":{"start":{"line":37,"column":8},"end":{"line":37,"column":61}},"type":"binary-expr","locations":[{"start":{"line":37,"column":8},"end":{"line":37,"column":16}},{"start":{"line":37,"column":20},"end":{"line":37,"column":61}}]},"2":{"loc":{"start":{"line":41,"column":4},"end":{"line":50,"column":5}},"type":"if","locations":[{"start":{"line":41,"column":4},"end":{"line":50,"column":5}},{"start":{},"end":{}}]},"3":{"loc":{"start":{"line":76,"column":4},"end":{"line":78,"column":5}},"type":"if","locations":[{"start":{"line":76,"column":4},"end":{"line":78,"column":5}},{"start":{},"end":{}}]},"4":{"loc":{"start":{"line":95,"column":4},"end":{"line":97,"column":5}},"type":"if","locations":[{"start":{"line":95,"column":4},"end":{"line":97,"column":5}},{"start":{},"end":{}}]},"5":{"loc":{"start":{"line":7,"column":39},"end":{"line":7,"column":55}},"type":"cond-expr","locations":[{"start":{"line":7,"column":52},"end":{"line":7,"column":55}},{"start":{"line":7,"column":52},"end":{"line":7,"column":55}}]},"6":{"loc":{"start":{"line":7,"column":39},"end":{"line":7,"column":52}},"type":"binary-expr","locations":[{"start":{"line":7,"column":39},"end":{"line":7,"column":55}},{"start":{"line":7,"column":39},"end":{"line":7,"column":52}}]}},"s":{"0":1,"1":1,"2":1,"3":1,"4":6,"5":8,"6":8,"7":6,"8":6,"9":2,"10":2,"11":2,"12":2,"13":2,"14":2,"15":1,"16":1,"17":0,"18":1,"19":2,"20":2,"21":2,"22":1,"23":1,"24":2,"25":2,"26":2,"27":1,"28":1,"29":1,"30":1},"f":{"0":6,"1":8,"2":6,"3":2,"4":2,"5":2,"6":2},"b":{"0":[1,1],"1":[2,1],"2":[0,1],"3":[1,1],"4":[1,1],"5":[1,0],"6":[1,1]}}
,"/Users/harshmodi/Desktop/res-old/automated-api-one/backend/src/database/prisma/prisma.service.ts": {"path":"/Users/harshmodi/Desktop/res-old/automated-api-one/backend/src/database/prisma/prisma.service.ts","statementMap":{"0":{"start":{"line":1,"column":0},"end":{"line":1,"column":83}},"1":{"start":{"line":2,"column":0},"end":{"line":2,"column":46}},"2":{"start":{"line":3,"column":0},"end":{"line":3,"column":64}},"3":{"start":{"line":6,"column":26},"end":{"line":59,"column":null}},"4":{"start":{"line":7,"column":28},"end":{"line":7,"column":58}},"5":{"start":{"line":8,"column":29},"end":{"line":8,"column":47}},"6":{"start":{"line":9,"column":27},"end":{"line":9,"column":56}},"7":{"start":{"line":13,"column":4},"end":{"line":13,"column":24}},"8":{"start":{"line":17,"column":15},"end":{"line":17,"column":39}},"9":{"start":{"line":18,"column":19},"end":{"line":18,"column":47}},"10":{"start":{"line":19,"column":23},"end":{"line":19,"column":55}},"11":{"start":{"line":20,"column":21},"end":{"line":20,"column":51}},"12":{"start":{"line":21,"column":21},"end":{"line":21,"column":51}},"13":{"start":{"line":22,"column":17},"end":{"line":22,"column":43}},"14":{"start":{"line":23,"column":23},"end":{"line":23,"column":55}},"15":{"start":{"line":24,"column":22},"end":{"line":24,"column":53}},"16":{"start":{"line":25,"column":17},"end":{"line":25,"column":43}},"17":{"start":{"line":26,"column":16},"end":{"line":26,"column":41}},"18":{"start":{"line":27,"column":16},"end":{"line":27,"column":41}},"19":{"start":{"line":28,"column":19},"end":{"line":28,"column":47}},"20":{"start":{"line":29,"column":29},"end":{"line":29,"column":67}},"21":{"start":{"line":30,"column":20},"end":{"line":30,"column":49}},"22":{"start":{"line":31,"column":23},"end":{"line":31,"column":55}},"23":{"start":{"line":32,"column":19},"end":{"line":32,"column":47}},"24":{"start":{"line":33,"column":20},"end":{"line":33,"column":49}},"25":{"start":{"line":34,"column":18},"end":{"line":34,"column":45}},"26":{"start":{"line":35,"column":17},"end":{"line":35,"column":43}},"27":{"start":{"line":38,"column":23},"end":{"line":38,"column":82}},"28":{"start":{"line":39,"column":22},"end":{"line":39,"column":71}},"29":{"start":{"line":40,"column":20},"end":{"line":40,"column":67}},"30":{"start":{"line":43,"column":4},"end":{"line":43,"column":34}},"31":{"start":{"line":44,"column":4},"end":{"line":44,"column":83}},"32":{"start":{"line":48,"column":4},"end":{"line":48,"column":37}},"33":{"start":{"line":49,"column":4},"end":{"line":49,"column":60}},"34":{"start":{"line":53,"column":4},"end":{"line":53,"column":41}},"35":{"start":{"line":57,"column":4},"end":{"line":57,"column":61}},"36":{"start":{"line":6,"column":13},"end":{"line":6,"column":26}},"37":{"start":{"line":6,"column":13},"end":{"line":59,"column":null}}},"fnMap":{"0":{"name":"(anonymous_1)","decl":{"start":{"line":12,"column":2},"end":{"line":12,"column":6}},"loc":{"start":{"line":12,"column":16},"end":{"line":14,"column":3}}},"1":{"name":"(anonymous_2)","decl":{"start":{"line":17,"column":2},"end":{"line":17,"column":6}},"loc":{"start":{"line":17,"column":10},"end":{"line":17,"column":41}}},"2":{"name":"(anonymous_3)","decl":{"start":{"line":18,"column":2},"end":{"line":18,"column":6}},"loc":{"start":{"line":18,"column":14},"end":{"line":18,"column":49}}},"3":{"name":"(anonymous_4)","decl":{"start":{"line":19,"column":2},"end":{"line":19,"column":6}},"loc":{"start":{"line":19,"column":18},"end":{"line":19,"column":57}}},"4":{"name":"(anonymous_5)","decl":{"start":{"line":20,"column":2},"end":{"line":20,"column":6}},"loc":{"start":{"line":20,"column":16},"end":{"line":20,"column":53}}},"5":{"name":"(anonymous_6)","decl":{"start":{"line":21,"column":2},"end":{"line":21,"column":6}},"loc":{"start":{"line":21,"column":16},"end":{"line":21,"column":53}}},"6":{"name":"(anonymous_7)","decl":{"start":{"line":22,"column":2},"end":{"line":22,"column":6}},"loc":{"start":{"line":22,"column":12},"end":{"line":22,"column":45}}},"7":{"name":"(anonymous_8)","decl":{"start":{"line":23,"column":2},"end":{"line":23,"column":6}},"loc":{"start":{"line":23,"column":18},"end":{"line":23,"column":57}}},"8":{"name":"(anonymous_9)","decl":{"start":{"line":24,"column":2},"end":{"line":24,"column":6}},"loc":{"start":{"line":24,"column":17},"end":{"line":24,"column":55}}},"9":{"name":"(anonymous_10)","decl":{"start":{"line":25,"column":2},"end":{"line":25,"column":6}},"loc":{"start":{"line":25,"column":12},"end":{"line":25,"column":45}}},"10":{"name":"(anonymous_11)","decl":{"start":{"line":26,"column":2},"end":{"line":26,"column":6}},"loc":{"start":{"line":26,"column":11},"end":{"line":26,"column":43}}},"11":{"name":"(anonymous_12)","decl":{"start":{"line":27,"column":2},"end":{"line":27,"column":6}},"loc":{"start":{"line":27,"column":11},"end":{"line":27,"column":43}}},"12":{"name":"(anonymous_13)","decl":{"start":{"line":28,"column":2},"end":{"line":28,"column":6}},"loc":{"start":{"line":28,"column":14},"end":{"line":28,"column":49}}},"13":{"name":"(anonymous_14)","decl":{"start":{"line":29,"column":2},"end":{"line":29,"column":6}},"loc":{"start":{"line":29,"column":24},"end":{"line":29,"column":69}}},"14":{"name":"(anonymous_15)","decl":{"start":{"line":30,"column":2},"end":{"line":30,"column":6}},"loc":{"start":{"line":30,"column":15},"end":{"line":30,"column":51}}},"15":{"name":"(anonymous_16)","decl":{"start":{"line":31,"column":2},"end":{"line":31,"column":6}},"loc":{"start":{"line":31,"column":18},"end":{"line":31,"column":57}}},"16":{"name":"(anonymous_17)","decl":{"start":{"line":32,"column":2},"end":{"line":32,"column":6}},"loc":{"start":{"line":32,"column":14},"end":{"line":32,"column":49}}},"17":{"name":"(anonymous_18)","decl":{"start":{"line":33,"column":2},"end":{"line":33,"column":6}},"loc":{"start":{"line":33,"column":15},"end":{"line":33,"column":51}}},"18":{"name":"(anonymous_19)","decl":{"start":{"line":34,"column":2},"end":{"line":34,"column":6}},"loc":{"start":{"line":34,"column":13},"end":{"line":34,"column":47}}},"19":{"name":"(anonymous_20)","decl":{"start":{"line":35,"column":2},"end":{"line":35,"column":6}},"loc":{"start":{"line":35,"column":12},"end":{"line":35,"column":45}}},"20":{"name":"(anonymous_21)","decl":{"start":{"line":38,"column":2},"end":{"line":38,"column":6}},"loc":{"start":{"line":38,"column":18},"end":{"line":38,"column":84}}},"21":{"name":"(anonymous_22)","decl":{"start":{"line":39,"column":2},"end":{"line":39,"column":6}},"loc":{"start":{"line":39,"column":17},"end":{"line":39,"column":73}}},"22":{"name":"(anonymous_23)","decl":{"start":{"line":40,"column":2},"end":{"line":40,"column":6}},"loc":{"start":{"line":40,"column":15},"end":{"line":40,"column":69}}},"23":{"name":"(anonymous_24)","decl":{"start":{"line":42,"column":2},"end":{"line":42,"column":7}},"loc":{"start":{"line":42,"column":20},"end":{"line":45,"column":3}}},"24":{"name":"(anonymous_25)","decl":{"start":{"line":47,"column":2},"end":{"line":47,"column":7}},"loc":{"start":{"line":47,"column":23},"end":{"line":50,"column":3}}},"25":{"name":"(anonymous_26)","decl":{"start":{"line":52,"column":2},"end":{"line":52,"column":7}},"loc":{"start":{"line":52,"column":23},"end":{"line":54,"column":3}}},"26":{"name":"(anonymous_27)","decl":{"start":{"line":56,"column":2},"end":{"line":56,"column":7}},"loc":{"start":{"line":56,"column":39},"end":{"line":58,"column":3}}}},"branchMap":{},"s":{"0":13,"1":13,"2":13,"3":13,"4":3,"5":3,"6":3,"7":3,"8":1,"9":1,"10":1,"11":1,"12":1,"13":1,"14":1,"15":1,"16":1,"17":1,"18":1,"19":1,"20":1,"21":1,"22":1,"23":1,"24":1,"25":1,"26":1,"27":1,"28":1,"29":1,"30":1,"31":1,"32":1,"33":1,"34":1,"35":1,"36":13,"37":13},"f":{"0":3,"1":1,"2":1,"3":1,"4":1,"5":1,"6":1,"7":1,"8":1,"9":1,"10":1,"11":1,"12":1,"13":1,"14":1,"15":1,"16":1,"17":1,"18":1,"19":1,"20":1,"21":1,"22":1,"23":1,"24":1,"25":1,"26":1},"b":{}}
,"/Users/harshmodi/Desktop/res-old/automated-api-one/backend/src/database/prisma/extensions/prisma.extension.ts": {"path":"/Users/harshmodi/Desktop/res-old/automated-api-one/backend/src/database/prisma/extensions/prisma.extension.ts","statementMap":{"0":{"start":{"line":3,"column":29},"end":{"line":3,"column":124}},"1":{"start":{"line":5,"column":31},"end":{"line":96,"column":1}},"2":{"start":{"line":6,"column":2},"end":{"line":95,"column":5}},"3":{"start":{"line":10,"column":10},"end":{"line":15,"column":11}},"4":{"start":{"line":11,"column":12},"end":{"line":14,"column":15}},"5":{"start":{"line":16,"column":10},"end":{"line":16,"column":29}},"6":{"start":{"line":19,"column":10},"end":{"line":24,"column":11}},"7":{"start":{"line":20,"column":12},"end":{"line":23,"column":15}},"8":{"start":{"line":25,"column":10},"end":{"line":25,"column":29}},"9":{"start":{"line":28,"column":10},"end":{"line":33,"column":11}},"10":{"start":{"line":29,"column":12},"end":{"line":29,"column":42}},"11":{"start":{"line":30,"column":12},"end":{"line":32,"column":13}},"12":{"start":{"line":31,"column":15},"end":{"line":31,"column":51}},"13":{"start":{"line":34,"column":10},"end":{"line":34,"column":29}},"14":{"start":{"line":37,"column":10},"end":{"line":42,"column":11}},"15":{"start":{"line":38,"column":12},"end":{"line":38,"column":42}},"16":{"start":{"line":39,"column":12},"end":{"line":41,"column":13}},"17":{"start":{"line":40,"column":15},"end":{"line":40,"column":51}},"18":{"start":{"line":43,"column":10},"end":{"line":43,"column":29}},"19":{"start":{"line":46,"column":10},"end":{"line":51,"column":11}},"20":{"start":{"line":47,"column":12},"end":{"line":47,"column":42}},"21":{"start":{"line":48,"column":12},"end":{"line":50,"column":13}},"22":{"start":{"line":49,"column":15},"end":{"line":49,"column":51}},"23":{"start":{"line":52,"column":10},"end":{"line":52,"column":29}},"24":{"start":{"line":55,"column":10},"end":{"line":60,"column":11}},"25":{"start":{"line":56,"column":12},"end":{"line":56,"column":42}},"26":{"start":{"line":57,"column":12},"end":{"line":59,"column":13}},"27":{"start":{"line":58,"column":15},"end":{"line":58,"column":51}},"28":{"start":{"line":61,"column":10},"end":{"line":61,"column":29}},"29":{"start":{"line":71,"column":23},"end":{"line":71,"column":37}},"30":{"start":{"line":72,"column":24},"end":{"line":72,"column":40}},"31":{"start":{"line":73,"column":23},"end":{"line":73,"column":41}},"32":{"start":{"line":75,"column":59},"end":{"line":75,"column":70}},"33":{"start":{"line":77,"column":32},"end":{"line":80,"column":12}},"34":{"start":{"line":81,"column":10},"end":{"line":81,"column":84}},"35":{"start":{"line":86,"column":10},"end":{"line":91,"column":13}},"36":{"start":{"line":5,"column":13},"end":{"line":5,"column":31}}},"fnMap":{"0":{"name":"(anonymous_0)","decl":{"start":{"line":5,"column":31},"end":{"line":5,"column":32}},"loc":{"start":{"line":5,"column":56},"end":{"line":96,"column":1}}},"1":{"name":"(anonymous_1)","decl":{"start":{"line":9,"column":8},"end":{"line":9,"column":13}},"loc":{"start":{"line":9,"column":43},"end":{"line":17,"column":9}}},"2":{"name":"(anonymous_2)","decl":{"start":{"line":18,"column":8},"end":{"line":18,"column":13}},"loc":{"start":{"line":18,"column":47},"end":{"line":26,"column":9}}},"3":{"name":"(anonymous_3)","decl":{"start":{"line":27,"column":8},"end":{"line":27,"column":13}},"loc":{"start":{"line":27,"column":46},"end":{"line":35,"column":9}}},"4":{"name":"(anonymous_4)","decl":{"start":{"line":36,"column":8},"end":{"line":36,"column":13}},"loc":{"start":{"line":36,"column":45},"end":{"line":44,"column":9}}},"5":{"name":"(anonymous_5)","decl":{"start":{"line":45,"column":8},"end":{"line":45,"column":13}},"loc":{"start":{"line":45,"column":47},"end":{"line":53,"column":9}}},"6":{"name":"(anonymous_6)","decl":{"start":{"line":54,"column":8},"end":{"line":54,"column":13}},"loc":{"start":{"line":54,"column":42},"end":{"line":62,"column":9}}},"7":{"name":"(anonymous_7)","decl":{"start":{"line":67,"column":8},"end":{"line":67,"column":13}},"loc":{"start":{"line":69,"column":97},"end":{"line":82,"column":9}}},"8":{"name":"(anonymous_8)","decl":{"start":{"line":85,"column":8},"end":{"line":85,"column":13}},"loc":{"start":{"line":85,"column":24},"end":{"line":92,"column":9}}}},"branchMap":{"0":{"loc":{"start":{"line":10,"column":10},"end":{"line":15,"column":11}},"type":"if","locations":[{"start":{"line":10,"column":10},"end":{"line":15,"column":11}},{"start":{},"end":{}}]},"1":{"loc":{"start":{"line":19,"column":10},"end":{"line":24,"column":11}},"type":"if","locations":[{"start":{"line":19,"column":10},"end":{"line":24,"column":11}},{"start":{},"end":{}}]},"2":{"loc":{"start":{"line":28,"column":10},"end":{"line":33,"column":11}},"type":"if","locations":[{"start":{"line":28,"column":10},"end":{"line":33,"column":11}},{"start":{},"end":{}}]},"3":{"loc":{"start":{"line":29,"column":25},"end":{"line":29,"column":41}},"type":"binary-expr","locations":[{"start":{"line":29,"column":25},"end":{"line":29,"column":35}},{"start":{"line":29,"column":39},"end":{"line":29,"column":41}}]},"4":{"loc":{"start":{"line":30,"column":12},"end":{"line":32,"column":13}},"type":"if","locations":[{"start":{"line":30,"column":12},"end":{"line":32,"column":13}},{"start":{},"end":{}}]},"5":{"loc":{"start":{"line":37,"column":10},"end":{"line":42,"column":11}},"type":"if","locations":[{"start":{"line":37,"column":10},"end":{"line":42,"column":11}},{"start":{},"end":{}}]},"6":{"loc":{"start":{"line":38,"column":25},"end":{"line":38,"column":41}},"type":"binary-expr","locations":[{"start":{"line":38,"column":25},"end":{"line":38,"column":35}},{"start":{"line":38,"column":39},"end":{"line":38,"column":41}}]},"7":{"loc":{"start":{"line":39,"column":12},"end":{"line":41,"column":13}},"type":"if","locations":[{"start":{"line":39,"column":12},"end":{"line":41,"column":13}},{"start":{},"end":{}}]},"8":{"loc":{"start":{"line":46,"column":10},"end":{"line":51,"column":11}},"type":"if","locations":[{"start":{"line":46,"column":10},"end":{"line":51,"column":11}},{"start":{},"end":{}}]},"9":{"loc":{"start":{"line":47,"column":25},"end":{"line":47,"column":41}},"type":"binary-expr","locations":[{"start":{"line":47,"column":25},"end":{"line":47,"column":35}},{"start":{"line":47,"column":39},"end":{"line":47,"column":41}}]},"10":{"loc":{"start":{"line":48,"column":12},"end":{"line":50,"column":13}},"type":"if","locations":[{"start":{"line":48,"column":12},"end":{"line":50,"column":13}},{"start":{},"end":{}}]},"11":{"loc":{"start":{"line":55,"column":10},"end":{"line":60,"column":11}},"type":"if","locations":[{"start":{"line":55,"column":10},"end":{"line":60,"column":11}},{"start":{},"end":{}}]},"12":{"loc":{"start":{"line":56,"column":25},"end":{"line":56,"column":41}},"type":"binary-expr","locations":[{"start":{"line":56,"column":25},"end":{"line":56,"column":35}},{"start":{"line":56,"column":39},"end":{"line":56,"column":41}}]},"13":{"loc":{"start":{"line":57,"column":12},"end":{"line":59,"column":13}},"type":"if","locations":[{"start":{"line":57,"column":12},"end":{"line":59,"column":13}},{"start":{},"end":{}}]},"14":{"loc":{"start":{"line":69,"column":10},"end":{"line":69,"column":97}},"type":"default-arg","locations":[{"start":{"line":69,"column":95},"end":{"line":69,"column":97}}]},"15":{"loc":{"start":{"line":71,"column":23},"end":{"line":71,"column":37}},"type":"binary-expr","locations":[{"start":{"line":71,"column":23},"end":{"line":71,"column":32}},{"start":{"line":71,"column":36},"end":{"line":71,"column":37}}]},"16":{"loc":{"start":{"line":72,"column":24},"end":{"line":72,"column":40}},"type":"binary-expr","locations":[{"start":{"line":72,"column":24},"end":{"line":72,"column":34}},{"start":{"line":72,"column":38},"end":{"line":72,"column":40}}]}},"s":{"0":14,"1":14,"2":13,"3":2,"4":1,"5":1,"6":2,"7":1,"8":1,"9":2,"10":2,"11":2,"12":1,"13":2,"14":1,"15":1,"16":1,"17":1,"18":1,"19":1,"20":1,"21":1,"22":1,"23":1,"24":1,"25":1,"26":1,"27":1,"28":1,"29":2,"30":2,"31":2,"32":2,"33":2,"34":2,"35":1,"36":14},"f":{"0":13,"1":2,"2":2,"3":2,"4":1,"5":1,"6":1,"7":2,"8":1},"b":{"0":[1,1],"1":[1,1],"2":[2,0],"3":[2,0],"4":[1,1],"5":[1,0],"6":[1,1],"7":[1,0],"8":[1,0],"9":[1,0],"10":[1,0],"11":[1,0],"12":[1,1],"13":[1,0],"14":[1],"15":[2,1],"16":[2,1]}}
,"/Users/harshmodi/Desktop/res-old/automated-api-one/backend/src/health/broker.health.ts": {"path":"/Users/harshmodi/Desktop/res-old/automated-api-one/backend/src/health/broker.health.ts","statementMap":{"0":{"start":{"line":1,"column":0},"end":{"line":1,"column":44}},"1":{"start":{"line":2,"column":0},"end":{"line":2,"column":92}},"2":{"start":{"line":3,"column":0},"end":{"line":3,"column":47}},"3":{"start":{"line":4,"column":0},"end":{"line":4,"column":26}},"4":{"start":{"line":7,"column":7},"end":{"line":39,"column":null}},"5":{"start":{"line":9,"column":4},"end":{"line":9,"column":12}},"6":{"start":{"line":8,"column":31},"end":{"line":8,"column":46}},"7":{"start":{"line":13,"column":20},"end":{"line":13,"column":69}},"8":{"start":{"line":14,"column":19},"end":{"line":14,"column":57}},"9":{"start":{"line":15,"column":4},"end":{"line":17,"column":5}},"10":{"start":{"line":16,"column":6},"end":{"line":16,"column":94}},"11":{"start":{"line":19,"column":4},"end":{"line":37,"column":5}},"12":{"start":{"line":21,"column":23},"end":{"line":21,"column":98}},"13":{"start":{"line":22,"column":6},"end":{"line":24,"column":7}},"14":{"start":{"line":23,"column":8},"end":{"line":23,"column":41}},"15":{"start":{"line":25,"column":6},"end":{"line":25,"column":98}},"16":{"start":{"line":28,"column":6},"end":{"line":35,"column":7}},"17":{"start":{"line":29,"column":26},"end":{"line":29,"column":98}},"18":{"start":{"line":30,"column":8},"end":{"line":32,"column":9}},"19":{"start":{"line":31,"column":10},"end":{"line":31,"column":83}},"20":{"start":{"line":34,"column":8},"end":{"line":34,"column":107}},"21":{"start":{"line":36,"column":6},"end":{"line":36,"column":102}},"22":{"start":{"line":7,"column":13},"end":{"line":7,"column":34}},"23":{"start":{"line":7,"column":13},"end":{"line":39,"column":null}}},"fnMap":{"0":{"name":"(anonymous_3)","decl":{"start":{"line":8,"column":2},"end":{"line":8,"column":31}},"loc":{"start":{"line":8,"column":59},"end":{"line":10,"column":3}}},"1":{"name":"(anonymous_4)","decl":{"start":{"line":12,"column":2},"end":{"line":12,"column":7}},"loc":{"start":{"line":12,"column":29},"end":{"line":38,"column":3}}}},"branchMap":{"0":{"loc":{"start":{"line":14,"column":19},"end":{"line":14,"column":57}},"type":"binary-expr","locations":[{"start":{"line":14,"column":19},"end":{"line":14,"column":35}},{"start":{"line":14,"column":39},"end":{"line":14,"column":57}}]},"1":{"loc":{"start":{"line":15,"column":4},"end":{"line":17,"column":5}},"type":"if","locations":[{"start":{"line":15,"column":4},"end":{"line":17,"column":5}},{"start":{},"end":{}}]},"2":{"loc":{"start":{"line":22,"column":6},"end":{"line":24,"column":7}},"type":"if","locations":[{"start":{"line":22,"column":6},"end":{"line":24,"column":7}},{"start":{},"end":{}}]},"3":{"loc":{"start":{"line":30,"column":8},"end":{"line":32,"column":9}},"type":"if","locations":[{"start":{"line":30,"column":8},"end":{"line":32,"column":9}},{"start":{},"end":{}}]},"4":{"loc":{"start":{"line":8,"column":46},"end":{"line":8,"column":null}},"type":"cond-expr","locations":[{"start":{"line":8,"column":59},"end":{"line":8,"column":null}},{"start":{"line":8,"column":59},"end":{"line":8,"column":null}}]},"5":{"loc":{"start":{"line":8,"column":46},"end":{"line":8,"column":59}},"type":"binary-expr","locations":[{"start":{"line":8,"column":46},"end":{"line":8,"column":null}},{"start":{"line":8,"column":46},"end":{"line":8,"column":59}}]}},"s":{"0":1,"1":1,"2":1,"3":1,"4":1,"5":10,"6":10,"7":6,"8":6,"9":6,"10":3,"11":3,"12":3,"13":1,"14":1,"15":0,"16":2,"17":2,"18":1,"19":1,"20":1,"21":0,"22":1,"23":1},"f":{"0":10,"1":6},"b":{"0":[6,3],"1":[3,3],"2":[1,0],"3":[1,0],"4":[1,0],"5":[1,1]}}
,"/Users/harshmodi/Desktop/res-old/automated-api-one/backend/src/health/redis.health.ts": {"path":"/Users/harshmodi/Desktop/res-old/automated-api-one/backend/src/health/redis.health.ts","statementMap":{"0":{"start":{"line":1,"column":0},"end":{"line":1,"column":44}},"1":{"start":{"line":2,"column":0},"end":{"line":2,"column":92}},"2":{"start":{"line":3,"column":0},"end":{"line":3,"column":47}},"3":{"start":{"line":4,"column":0},"end":{"line":4,"column":28}},"4":{"start":{"line":7,"column":7},"end":{"line":39,"column":null}},"5":{"start":{"line":9,"column":4},"end":{"line":9,"column":12}},"6":{"start":{"line":8,"column":31},"end":{"line":8,"column":46}},"7":{"start":{"line":13,"column":17},"end":{"line":13,"column":74}},"8":{"start":{"line":14,"column":17},"end":{"line":14,"column":67}},"9":{"start":{"line":16,"column":19},"end":{"line":21,"column":6}},"10":{"start":{"line":23,"column":4},"end":{"line":37,"column":5}},"11":{"start":{"line":24,"column":6},"end":{"line":24,"column":29}},"12":{"start":{"line":25,"column":21},"end":{"line":25,"column":40}},"13":{"start":{"line":26,"column":6},"end":{"line":26,"column":26}},"14":{"start":{"line":28,"column":6},"end":{"line":30,"column":7}},"15":{"start":{"line":29,"column":8},"end":{"line":29,"column":41}},"16":{"start":{"line":31,"column":6},"end":{"line":31,"column":82}},"17":{"start":{"line":33,"column":6},"end":{"line":35,"column":16}},"18":{"start":{"line":34,"column":8},"end":{"line":34,"column":28}},"19":{"start":{"line":36,"column":6},"end":{"line":36,"column":106}},"20":{"start":{"line":7,"column":13},"end":{"line":7,"column":33}},"21":{"start":{"line":7,"column":13},"end":{"line":39,"column":null}}},"fnMap":{"0":{"name":"(anonymous_3)","decl":{"start":{"line":8,"column":2},"end":{"line":8,"column":31}},"loc":{"start":{"line":8,"column":59},"end":{"line":10,"column":3}}},"1":{"name":"(anonymous_4)","decl":{"start":{"line":12,"column":2},"end":{"line":12,"column":7}},"loc":{"start":{"line":12,"column":29},"end":{"line":38,"column":3}}}},"branchMap":{"0":{"loc":{"start":{"line":28,"column":6},"end":{"line":30,"column":7}},"type":"if","locations":[{"start":{"line":28,"column":6},"end":{"line":30,"column":7}},{"start":{},"end":{}}]},"1":{"loc":{"start":{"line":8,"column":46},"end":{"line":8,"column":null}},"type":"cond-expr","locations":[{"start":{"line":8,"column":59},"end":{"line":8,"column":null}},{"start":{"line":8,"column":59},"end":{"line":8,"column":null}}]},"2":{"loc":{"start":{"line":8,"column":46},"end":{"line":8,"column":59}},"type":"binary-expr","locations":[{"start":{"line":8,"column":46},"end":{"line":8,"column":null}},{"start":{"line":8,"column":46},"end":{"line":8,"column":59}}]}},"s":{"0":1,"1":1,"2":1,"3":1,"4":1,"5":10,"6":10,"7":4,"8":4,"9":4,"10":4,"11":4,"12":4,"13":3,"14":3,"15":3,"16":0,"17":1,"18":1,"19":1,"20":1,"21":1},"f":{"0":10,"1":4},"b":{"0":[3,0],"1":[1,0],"2":[1,1]}}
,"/Users/harshmodi/Desktop/res-old/automated-api-one/backend/src/notifications/notifications.service.ts": {"path":"/Users/harshmodi/Desktop/res-old/automated-api-one/backend/src/notifications/notifications.service.ts","statementMap":{"0":{"start":{"line":1,"column":0},"end":{"line":1,"column":44}},"1":{"start":{"line":2,"column":0},"end":{"line":2,"column":50}},"2":{"start":{"line":6,"column":7},"end":{"line":69,"column":null}},"3":{"start":{"line":7,"column":31},"end":{"line":7,"column":39}},"4":{"start":{"line":14,"column":26},"end":{"line":24,"column":6}},"5":{"start":{"line":26,"column":4},"end":{"line":26,"column":27}},"6":{"start":{"line":30,"column":25},"end":{"line":40,"column":6}},"7":{"start":{"line":42,"column":4},"end":{"line":42,"column":41}},"8":{"start":{"line":51,"column":25},"end":{"line":59,"column":6}},"9":{"start":{"line":62,"column":4},"end":{"line":62,"column":60}},"10":{"start":{"line":63,"column":4},"end":{"line":63,"column":38}},"11":{"start":{"line":64,"column":4},"end":{"line":64,"column":35}},"12":{"start":{"line":65,"column":4},"end":{"line":65,"column":41}},"13":{"start":{"line":67,"column":4},"end":{"line":67,"column":24}},"14":{"start":{"line":6,"column":13},"end":{"line":6,"column":33}},"15":{"start":{"line":6,"column":13},"end":{"line":69,"column":null}}},"fnMap":{"0":{"name":"(anonymous_2)","decl":{"start":{"line":7,"column":2},"end":{"line":7,"column":31}},"loc":{"start":{"line":7,"column":52},"end":{"line":7,"column":56}}},"1":{"name":"(anonymous_3)","decl":{"start":{"line":9,"column":2},"end":{"line":9,"column":7}},"loc":{"start":{"line":12,"column":14},"end":{"line":27,"column":3}}},"2":{"name":"(anonymous_4)","decl":{"start":{"line":29,"column":2},"end":{"line":29,"column":7}},"loc":{"start":{"line":29,"column":60},"end":{"line":43,"column":3}}},"3":{"name":"(anonymous_5)","decl":{"start":{"line":45,"column":2},"end":{"line":45,"column":7}},"loc":{"start":{"line":49,"column":19},"end":{"line":68,"column":3}}}},"branchMap":{"0":{"loc":{"start":{"line":11,"column":4},"end":{"line":11,"column":14}},"type":"default-arg","locations":[{"start":{"line":11,"column":12},"end":{"line":11,"column":14}}]},"1":{"loc":{"start":{"line":12,"column":4},"end":{"line":12,"column":14}},"type":"default-arg","locations":[{"start":{"line":12,"column":13},"end":{"line":12,"column":14}}]},"2":{"loc":{"start":{"line":7,"column":39},"end":{"line":7,"column":55}},"type":"cond-expr","locations":[{"start":{"line":7,"column":52},"end":{"line":7,"column":55}},{"start":{"line":7,"column":52},"end":{"line":7,"column":55}}]},"3":{"loc":{"start":{"line":7,"column":39},"end":{"line":7,"column":52}},"type":"binary-expr","locations":[{"start":{"line":7,"column":39},"end":{"line":7,"column":55}},{"start":{"line":7,"column":39},"end":{"line":7,"column":52}}]}},"s":{"0":1,"1":1,"2":1,"3":3,"4":1,"5":1,"6":1,"7":1,"8":1,"9":1,"10":1,"11":1,"12":1,"13":1,"14":1,"15":1},"f":{"0":3,"1":1,"2":1,"3":1},"b":{"0":[0],"1":[0],"2":[1,0],"3":[1,1]}}
,"/Users/harshmodi/Desktop/res-old/automated-api-one/backend/src/positions/positions.service.ts": {"path":"/Users/harshmodi/Desktop/res-old/automated-api-one/backend/src/positions/positions.service.ts","statementMap":{"0":{"start":{"line":1,"column":0},"end":{"line":1,"column":84}},"1":{"start":{"line":2,"column":0},"end":{"line":2,"column":50}},"2":{"start":{"line":3,"column":0},"end":{"line":3,"column":95}},"3":{"start":{"line":6,"column":7},"end":{"line":128,"column":null}},"4":{"start":{"line":7,"column":31},"end":{"line":7,"column":39}},"5":{"start":{"line":10,"column":22},"end":{"line":24,"column":6}},"6":{"start":{"line":26,"column":41},"end":{"line":26,"column":43}},"7":{"start":{"line":29,"column":4},"end":{"line":57,"column":5}},"8":{"start":{"line":30,"column":23},"end":{"line":30,"column":43}},"9":{"start":{"line":32,"column":20},"end":{"line":32,"column":55}},"10":{"start":{"line":33,"column":27},"end":{"line":33,"column":68}},"11":{"start":{"line":36,"column":20},"end":{"line":36,"column":51}},"12":{"start":{"line":37,"column":24},"end":{"line":37,"column":85}},"13":{"start":{"line":38,"column":28},"end":{"line":38,"column":77}},"14":{"start":{"line":41,"column":22},"end":{"line":54,"column":8}},"15":{"start":{"line":56,"column":6},"end":{"line":56,"column":37}},"16":{"start":{"line":59,"column":4},"end":{"line":59,"column":28}},"17":{"start":{"line":63,"column":21},"end":{"line":72,"column":6}},"18":{"start":{"line":74,"column":4},"end":{"line":76,"column":5}},"19":{"start":{"line":75,"column":6},"end":{"line":75,"column":63}},"20":{"start":{"line":78,"column":4},"end":{"line":80,"column":5}},"21":{"start":{"line":79,"column":6},"end":{"line":79,"column":66}},"22":{"start":{"line":82,"column":21},"end":{"line":82,"column":46}},"23":{"start":{"line":83,"column":25},"end":{"line":83,"column":54}},"24":{"start":{"line":84,"column":18},"end":{"line":84,"column":54}},"25":{"start":{"line":87,"column":22},"end":{"line":87,"column":83}},"26":{"start":{"line":88,"column":24},"end":{"line":88,"column":78}},"27":{"start":{"line":91,"column":4},"end":{"line":126,"column":7}},"28":{"start":{"line":93,"column":24},"end":{"line":101,"column":8}},"29":{"start":{"line":104,"column":6},"end":{"line":111,"column":9}},"30":{"start":{"line":114,"column":6},"end":{"line":123,"column":9}},"31":{"start":{"line":125,"column":6},"end":{"line":125,"column":23}},"32":{"start":{"line":6,"column":13},"end":{"line":6,"column":29}},"33":{"start":{"line":6,"column":13},"end":{"line":128,"column":null}}},"fnMap":{"0":{"name":"(anonymous_2)","decl":{"start":{"line":7,"column":2},"end":{"line":7,"column":31}},"loc":{"start":{"line":7,"column":52},"end":{"line":7,"column":56}}},"1":{"name":"(anonymous_3)","decl":{"start":{"line":9,"column":2},"end":{"line":9,"column":7}},"loc":{"start":{"line":9,"column":41},"end":{"line":60,"column":3}}},"2":{"name":"(anonymous_4)","decl":{"start":{"line":62,"column":2},"end":{"line":62,"column":7}},"loc":{"start":{"line":62,"column":55},"end":{"line":127,"column":3}}},"3":{"name":"(anonymous_5)","decl":{"start":{"line":91,"column":36},"end":{"line":91,"column":41}},"loc":{"start":{"line":91,"column":49},"end":{"line":126,"column":5}}}},"branchMap":{"0":{"loc":{"start":{"line":37,"column":24},"end":{"line":37,"column":85}},"type":"cond-expr","locations":[{"start":{"line":37,"column":33},"end":{"line":37,"column":56}},{"start":{"line":37,"column":61},"end":{"line":37,"column":84}}]},"1":{"loc":{"start":{"line":74,"column":4},"end":{"line":76,"column":5}},"type":"if","locations":[{"start":{"line":74,"column":4},"end":{"line":76,"column":5}},{"start":{},"end":{}}]},"2":{"loc":{"start":{"line":74,"column":8},"end":{"line":74,"column":53}},"type":"binary-expr","locations":[{"start":{"line":74,"column":8},"end":{"line":74,"column":17}},{"start":{"line":74,"column":21},"end":{"line":74,"column":53}}]},"3":{"loc":{"start":{"line":78,"column":4},"end":{"line":80,"column":5}},"type":"if","locations":[{"start":{"line":78,"column":4},"end":{"line":80,"column":5}},{"start":{},"end":{}}]},"4":{"loc":{"start":{"line":87,"column":22},"end":{"line":87,"column":83}},"type":"cond-expr","locations":[{"start":{"line":87,"column":31},"end":{"line":87,"column":54}},{"start":{"line":87,"column":59},"end":{"line":87,"column":82}}]},"5":{"loc":{"start":{"line":7,"column":39},"end":{"line":7,"column":55}},"type":"cond-expr","locations":[{"start":{"line":7,"column":52},"end":{"line":7,"column":55}},{"start":{"line":7,"column":52},"end":{"line":7,"column":55}}]},"6":{"loc":{"start":{"line":7,"column":39},"end":{"line":7,"column":52}},"type":"binary-expr","locations":[{"start":{"line":7,"column":39},"end":{"line":7,"column":55}},{"start":{"line":7,"column":39},"end":{"line":7,"column":52}}]}},"s":{"0":1,"1":1,"2":1,"3":1,"4":4,"5":1,"6":1,"7":1,"8":1,"9":1,"10":1,"11":1,"12":1,"13":1,"14":1,"15":1,"16":1,"17":3,"18":3,"19":1,"20":2,"21":1,"22":1,"23":1,"24":1,"25":1,"26":1,"27":1,"28":1,"29":1,"30":1,"31":1,"32":1,"33":1},"f":{"0":4,"1":1,"2":3,"3":1},"b":{"0":[1,0],"1":[1,2],"2":[3,2],"3":[1,1],"4":[1,0],"5":[1,0],"6":[1,1]}}
,"/Users/harshmodi/Desktop/res-old/automated-api-one/backend/src/risk/risk.service.ts": {"path":"/Users/harshmodi/Desktop/res-old/automated-api-one/backend/src/risk/risk.service.ts","statementMap":{"0":{"start":{"line":1,"column":0},"end":{"line":1,"column":63}},"1":{"start":{"line":2,"column":0},"end":{"line":2,"column":50}},"2":{"start":{"line":3,"column":0},"end":{"line":3,"column":76}},"3":{"start":{"line":6,"column":7},"end":{"line":248,"column":null}},"4":{"start":{"line":7,"column":31},"end":{"line":7,"column":39}},"5":{"start":{"line":14,"column":26},"end":{"line":24,"column":6}},"6":{"start":{"line":26,"column":4},"end":{"line":26,"column":27}},"7":{"start":{"line":30,"column":27},"end":{"line":40,"column":6}},"8":{"start":{"line":42,"column":21},"end":{"line":42,"column":59}},"9":{"start":{"line":43,"column":18},"end":{"line":43,"column":55}},"10":{"start":{"line":45,"column":30},"end":{"line":45,"column":32}},"11":{"start":{"line":47,"column":4},"end":{"line":79,"column":5}},"12":{"start":{"line":49,"column":21},"end":{"line":58,"column":8}},"13":{"start":{"line":60,"column":21},"end":{"line":60,"column":22}},"14":{"start":{"line":61,"column":6},"end":{"line":63,"column":7}},"15":{"start":{"line":62,"column":8},"end":{"line":62,"column":39}},"16":{"start":{"line":66,"column":26},"end":{"line":66,"column":63}},"17":{"start":{"line":67,"column":29},"end":{"line":67,"column":54}},"18":{"start":{"line":68,"column":23},"end":{"line":68,"column":52}},"19":{"start":{"line":70,"column":6},"end":{"line":78,"column":9}},"20":{"start":{"line":81,"column":4},"end":{"line":81,"column":22}},"21":{"start":{"line":85,"column":25},"end":{"line":90,"column":6}},"22":{"start":{"line":92,"column":4},"end":{"line":94,"column":5}},"23":{"start":{"line":93,"column":6},"end":{"line":93,"column":69}},"24":{"start":{"line":97,"column":4},"end":{"line":135,"column":7}},"25":{"start":{"line":99,"column":30},"end":{"line":104,"column":8}},"26":{"start":{"line":107,"column":25},"end":{"line":112,"column":8}},"27":{"start":{"line":114,"column":6},"end":{"line":122,"column":7}},"28":{"start":{"line":115,"column":8},"end":{"line":121,"column":11}},"29":{"start":{"line":125,"column":6},"end":{"line":132,"column":9}},"30":{"start":{"line":134,"column":6},"end":{"line":134,"column":29}},"31":{"start":{"line":144,"column":25},"end":{"line":146,"column":6}},"32":{"start":{"line":148,"column":4},"end":{"line":150,"column":5}},"33":{"start":{"line":149,"column":6},"end":{"line":149,"column":19}},"34":{"start":{"line":152,"column":4},"end":{"line":162,"column":5}},"35":{"start":{"line":153,"column":6},"end":{"line":160,"column":9}},"36":{"start":{"line":161,"column":6},"end":{"line":161,"column":19}},"37":{"start":{"line":164,"column":4},"end":{"line":164,"column":16}},"38":{"start":{"line":168,"column":25},"end":{"line":170,"column":6}},"39":{"start":{"line":172,"column":4},"end":{"line":174,"column":5}},"40":{"start":{"line":173,"column":6},"end":{"line":173,"column":19}},"41":{"start":{"line":176,"column":21},"end":{"line":176,"column":59}},"42":{"start":{"line":177,"column":18},"end":{"line":177,"column":55}},"43":{"start":{"line":179,"column":19},"end":{"line":186,"column":6}},"44":{"start":{"line":188,"column":19},"end":{"line":188,"column":20}},"45":{"start":{"line":189,"column":4},"end":{"line":191,"column":5}},"46":{"start":{"line":190,"column":6},"end":{"line":190,"column":37}},"47":{"start":{"line":193,"column":24},"end":{"line":193,"column":61}},"48":{"start":{"line":194,"column":27},"end":{"line":194,"column":62}},"49":{"start":{"line":196,"column":4},"end":{"line":212,"column":5}},"50":{"start":{"line":198,"column":6},"end":{"line":201,"column":9}},"51":{"start":{"line":203,"column":6},"end":{"line":210,"column":9}},"52":{"start":{"line":211,"column":6},"end":{"line":211,"column":19}},"53":{"start":{"line":214,"column":4},"end":{"line":214,"column":16}},"54":{"start":{"line":218,"column":25},"end":{"line":220,"column":6}},"55":{"start":{"line":222,"column":4},"end":{"line":224,"column":5}},"56":{"start":{"line":223,"column":6},"end":{"line":223,"column":19}},"57":{"start":{"line":226,"column":28},"end":{"line":228,"column":6}},"58":{"start":{"line":230,"column":4},"end":{"line":232,"column":5}},"59":{"start":{"line":231,"column":6},"end":{"line":231,"column":18}},"60":{"start":{"line":234,"column":4},"end":{"line":244,"column":5}},"61":{"start":{"line":235,"column":6},"end":{"line":242,"column":9}},"62":{"start":{"line":243,"column":6},"end":{"line":243,"column":19}},"63":{"start":{"line":246,"column":4},"end":{"line":246,"column":16}},"64":{"start":{"line":6,"column":13},"end":{"line":6,"column":24}},"65":{"start":{"line":6,"column":13},"end":{"line":248,"column":null}}},"fnMap":{"0":{"name":"(anonymous_2)","decl":{"start":{"line":7,"column":2},"end":{"line":7,"column":31}},"loc":{"start":{"line":7,"column":52},"end":{"line":7,"column":56}}},"1":{"name":"(anonymous_3)","decl":{"start":{"line":9,"column":2},"end":{"line":9,"column":7}},"loc":{"start":{"line":12,"column":14},"end":{"line":27,"column":3}}},"2":{"name":"(anonymous_4)","decl":{"start":{"line":29,"column":2},"end":{"line":29,"column":7}},"loc":{"start":{"line":29,"column":36},"end":{"line":82,"column":3}}},"3":{"name":"(anonymous_5)","decl":{"start":{"line":84,"column":2},"end":{"line":84,"column":7}},"loc":{"start":{"line":84,"column":56},"end":{"line":136,"column":3}}},"4":{"name":"(anonymous_6)","decl":{"start":{"line":97,"column":36},"end":{"line":97,"column":41}},"loc":{"start":{"line":97,"column":49},"end":{"line":135,"column":5}}},"5":{"name":"(anonymous_7)","decl":{"start":{"line":138,"column":2},"end":{"line":138,"column":7}},"loc":{"start":{"line":142,"column":27},"end":{"line":165,"column":3}}},"6":{"name":"(anonymous_8)","decl":{"start":{"line":167,"column":2},"end":{"line":167,"column":7}},"loc":{"start":{"line":167,"column":60},"end":{"line":215,"column":3}}},"7":{"name":"(anonymous_9)","decl":{"start":{"line":217,"column":2},"end":{"line":217,"column":7}},"loc":{"start":{"line":217,"column":61},"end":{"line":247,"column":3}}}},"branchMap":{"0":{"loc":{"start":{"line":11,"column":4},"end":{"line":11,"column":14}},"type":"default-arg","locations":[{"start":{"line":11,"column":12},"end":{"line":11,"column":14}}]},"1":{"loc":{"start":{"line":12,"column":4},"end":{"line":12,"column":14}},"type":"default-arg","locations":[{"start":{"line":12,"column":13},"end":{"line":12,"column":14}}]},"2":{"loc":{"start":{"line":62,"column":27},"end":{"line":62,"column":37}},"type":"binary-expr","locations":[{"start":{"line":62,"column":27},"end":{"line":62,"column":32}},{"start":{"line":62,"column":36},"end":{"line":62,"column":37}}]},"3":{"loc":{"start":{"line":66,"column":26},"end":{"line":66,"column":63}},"type":"cond-expr","locations":[{"start":{"line":66,"column":41},"end":{"line":66,"column":59}},{"start":{"line":66,"column":62},"end":{"line":66,"column":63}}]},"4":{"loc":{"start":{"line":92,"column":4},"end":{"line":94,"column":5}},"type":"if","locations":[{"start":{"line":92,"column":4},"end":{"line":94,"column":5}},{"start":{},"end":{}}]},"5":{"loc":{"start":{"line":114,"column":6},"end":{"line":122,"column":7}},"type":"if","locations":[{"start":{"line":114,"column":6},"end":{"line":122,"column":7}},{"start":{},"end":{}}]},"6":{"loc":{"start":{"line":148,"column":4},"end":{"line":150,"column":5}},"type":"if","locations":[{"start":{"line":148,"column":4},"end":{"line":150,"column":5}},{"start":{},"end":{}}]},"7":{"loc":{"start":{"line":152,"column":4},"end":{"line":162,"column":5}},"type":"if","locations":[{"start":{"line":152,"column":4},"end":{"line":162,"column":5}},{"start":{},"end":{}}]},"8":{"loc":{"start":{"line":172,"column":4},"end":{"line":174,"column":5}},"type":"if","locations":[{"start":{"line":172,"column":4},"end":{"line":174,"column":5}},{"start":{},"end":{}}]},"9":{"loc":{"start":{"line":190,"column":25},"end":{"line":190,"column":35}},"type":"binary-expr","locations":[{"start":{"line":190,"column":25},"end":{"line":190,"column":30}},{"start":{"line":190,"column":34},"end":{"line":190,"column":35}}]},"10":{"loc":{"start":{"line":193,"column":24},"end":{"line":193,"column":61}},"type":"cond-expr","locations":[{"start":{"line":193,"column":39},"end":{"line":193,"column":57}},{"start":{"line":193,"column":60},"end":{"line":193,"column":61}}]},"11":{"loc":{"start":{"line":196,"column":4},"end":{"line":212,"column":5}},"type":"if","locations":[{"start":{"line":196,"column":4},"end":{"line":212,"column":5}},{"start":{},"end":{}}]},"12":{"loc":{"start":{"line":222,"column":4},"end":{"line":224,"column":5}},"type":"if","locations":[{"start":{"line":222,"column":4},"end":{"line":224,"column":5}},{"start":{},"end":{}}]},"13":{"loc":{"start":{"line":230,"column":4},"end":{"line":232,"column":5}},"type":"if","locations":[{"start":{"line":230,"column":4},"end":{"line":232,"column":5}},{"start":{},"end":{}}]},"14":{"loc":{"start":{"line":234,"column":4},"end":{"line":244,"column":5}},"type":"if","locations":[{"start":{"line":234,"column":4},"end":{"line":244,"column":5}},{"start":{},"end":{}}]},"15":{"loc":{"start":{"line":7,"column":39},"end":{"line":7,"column":55}},"type":"cond-expr","locations":[{"start":{"line":7,"column":52},"end":{"line":7,"column":55}},{"start":{"line":7,"column":52},"end":{"line":7,"column":55}}]},"16":{"loc":{"start":{"line":7,"column":39},"end":{"line":7,"column":52}},"type":"binary-expr","locations":[{"start":{"line":7,"column":39},"end":{"line":7,"column":55}},{"start":{"line":7,"column":39},"end":{"line":7,"column":52}}]}},"s":{"0":1,"1":1,"2":1,"3":1,"4":10,"5":1,"6":1,"7":1,"8":1,"9":1,"10":1,"11":1,"12":1,"13":1,"14":1,"15":1,"16":1,"17":1,"18":1,"19":1,"20":1,"21":2,"22":2,"23":1,"24":1,"25":1,"26":1,"27":1,"28":1,"29":1,"30":1,"31":2,"32":2,"33":0,"34":2,"35":1,"36":1,"37":1,"38":2,"39":2,"40":0,"41":2,"42":2,"43":2,"44":2,"45":2,"46":3,"47":2,"48":2,"49":2,"50":1,"51":1,"52":1,"53":1,"54":2,"55":2,"56":0,"57":2,"58":2,"59":0,"60":2,"61":1,"62":1,"63":1,"64":1,"65":1},"f":{"0":10,"1":1,"2":1,"3":2,"4":1,"5":2,"6":2,"7":2},"b":{"0":[0],"1":[0],"2":[1,0],"3":[1,0],"4":[1,1],"5":[1,0],"6":[0,2],"7":[1,1],"8":[0,2],"9":[3,0],"10":[2,0],"11":[1,1],"12":[0,2],"13":[0,2],"14":[1,1],"15":[1,0],"16":[1,1]}}
,"/Users/harshmodi/Desktop/res-old/automated-api-one/backend/src/segments/segments.service.ts": {"path":"/Users/harshmodi/Desktop/res-old/automated-api-one/backend/src/segments/segments.service.ts","statementMap":{"0":{"start":{"line":1,"column":0},"end":{"line":1,"column":77}},"1":{"start":{"line":2,"column":0},"end":{"line":2,"column":50}},"2":{"start":{"line":3,"column":0},"end":{"line":3,"column":85}},"3":{"start":{"line":4,"column":0},"end":{"line":4,"column":67}},"4":{"start":{"line":7,"column":7},"end":{"line":136,"column":null}},"5":{"start":{"line":8,"column":31},"end":{"line":8,"column":39}},"6":{"start":{"line":11,"column":4},"end":{"line":11,"column":37}},"7":{"start":{"line":15,"column":4},"end":{"line":15,"column":68}},"8":{"start":{"line":16,"column":27},"end":{"line":38,"column":6}},"9":{"start":{"line":40,"column":4},"end":{"line":51,"column":5}},"10":{"start":{"line":41,"column":6},"end":{"line":50,"column":9}},"11":{"start":{"line":55,"column":4},"end":{"line":59,"column":7}},"12":{"start":{"line":74,"column":21},"end":{"line":76,"column":6}},"13":{"start":{"line":78,"column":4},"end":{"line":80,"column":5}},"14":{"start":{"line":79,"column":6},"end":{"line":79,"column":55}},"15":{"start":{"line":82,"column":21},"end":{"line":87,"column":6}},"16":{"start":{"line":89,"column":4},"end":{"line":101,"column":5}},"17":{"start":{"line":90,"column":6},"end":{"line":100,"column":9}},"18":{"start":{"line":103,"column":4},"end":{"line":114,"column":7}},"19":{"start":{"line":118,"column":21},"end":{"line":123,"column":6}},"20":{"start":{"line":125,"column":4},"end":{"line":127,"column":5}},"21":{"start":{"line":126,"column":6},"end":{"line":126,"column":76}},"22":{"start":{"line":129,"column":4},"end":{"line":134,"column":7}},"23":{"start":{"line":7,"column":13},"end":{"line":7,"column":28}},"24":{"start":{"line":7,"column":13},"end":{"line":136,"column":null}}},"fnMap":{"0":{"name":"(anonymous_2)","decl":{"start":{"line":8,"column":2},"end":{"line":8,"column":31}},"loc":{"start":{"line":8,"column":52},"end":{"line":8,"column":56}}},"1":{"name":"(anonymous_3)","decl":{"start":{"line":10,"column":2},"end":{"line":10,"column":7}},"loc":{"start":{"line":10,"column":20},"end":{"line":12,"column":3}}},"2":{"name":"(anonymous_4)","decl":{"start":{"line":14,"column":10},"end":{"line":14,"column":15}},"loc":{"start":{"line":14,"column":35},"end":{"line":52,"column":3}}},"3":{"name":"(anonymous_5)","decl":{"start":{"line":54,"column":2},"end":{"line":54,"column":7}},"loc":{"start":{"line":54,"column":20},"end":{"line":60,"column":3}}},"4":{"name":"(anonymous_6)","decl":{"start":{"line":62,"column":2},"end":{"line":62,"column":7}},"loc":{"start":{"line":71,"column":5},"end":{"line":115,"column":3}}},"5":{"name":"(anonymous_7)","decl":{"start":{"line":117,"column":2},"end":{"line":117,"column":7}},"loc":{"start":{"line":117,"column":54},"end":{"line":135,"column":3}}}},"branchMap":{"0":{"loc":{"start":{"line":78,"column":4},"end":{"line":80,"column":5}},"type":"if","locations":[{"start":{"line":78,"column":4},"end":{"line":80,"column":5}},{"start":{},"end":{}}]},"1":{"loc":{"start":{"line":89,"column":4},"end":{"line":101,"column":5}},"type":"if","locations":[{"start":{"line":89,"column":4},"end":{"line":101,"column":5}},{"start":{},"end":{}}]},"2":{"loc":{"start":{"line":125,"column":4},"end":{"line":127,"column":5}},"type":"if","locations":[{"start":{"line":125,"column":4},"end":{"line":127,"column":5}},{"start":{},"end":{}}]},"3":{"loc":{"start":{"line":8,"column":39},"end":{"line":8,"column":55}},"type":"cond-expr","locations":[{"start":{"line":8,"column":52},"end":{"line":8,"column":55}},{"start":{"line":8,"column":52},"end":{"line":8,"column":55}}]},"4":{"loc":{"start":{"line":8,"column":39},"end":{"line":8,"column":52}},"type":"binary-expr","locations":[{"start":{"line":8,"column":39},"end":{"line":8,"column":55}},{"start":{"line":8,"column":39},"end":{"line":8,"column":52}}]}},"s":{"0":1,"1":1,"2":1,"3":1,"4":1,"5":7,"6":1,"7":1,"8":1,"9":1,"10":3,"11":1,"12":3,"13":3,"14":1,"15":2,"16":2,"17":1,"18":1,"19":2,"20":2,"21":1,"22":1,"23":1,"24":1},"f":{"0":7,"1":1,"2":1,"3":1,"4":3,"5":2},"b":{"0":[1,2],"1":[1,1],"2":[1,1],"3":[1,0],"4":[1,1]}}
,"/Users/harshmodi/Desktop/res-old/automated-api-one/backend/src/signals/signals.service.ts": {"path":"/Users/harshmodi/Desktop/res-old/automated-api-one/backend/src/signals/signals.service.ts","statementMap":{"0":{"start":{"line":1,"column":0},"end":{"line":1,"column":63}},"1":{"start":{"line":2,"column":0},"end":{"line":2,"column":45}},"2":{"start":{"line":3,"column":0},"end":{"line":3,"column":31}},"3":{"start":{"line":4,"column":0},"end":{"line":4,"column":50}},"4":{"start":{"line":6,"column":0},"end":{"line":6,"column":54}},"5":{"start":{"line":9,"column":7},"end":{"line":52,"column":null}},"6":{"start":{"line":11,"column":53},"end":{"line":11,"column":65}},"7":{"start":{"line":12,"column":21},"end":{"line":12,"column":29}},"8":{"start":{"line":17,"column":21},"end":{"line":19,"column":6}},"9":{"start":{"line":21,"column":4},"end":{"line":23,"column":5}},"10":{"start":{"line":22,"column":6},"end":{"line":22,"column":56}},"11":{"start":{"line":26,"column":19},"end":{"line":39,"column":6}},"12":{"start":{"line":42,"column":4},"end":{"line":45,"column":7}},"13":{"start":{"line":47,"column":4},"end":{"line":50,"column":6}},"14":{"start":{"line":9,"column":13},"end":{"line":9,"column":27}},"15":{"start":{"line":9,"column":13},"end":{"line":52,"column":null}}},"fnMap":{"0":{"name":"(anonymous_4)","decl":{"start":{"line":10,"column":2},"end":{"line":10,"column":null}},"loc":{"start":{"line":12,"column":42},"end":{"line":13,"column":6}}},"1":{"name":"(anonymous_5)","decl":{"start":{"line":15,"column":2},"end":{"line":15,"column":7}},"loc":{"start":{"line":15,"column":47},"end":{"line":51,"column":3}}}},"branchMap":{"0":{"loc":{"start":{"line":21,"column":4},"end":{"line":23,"column":5}},"type":"if","locations":[{"start":{"line":21,"column":4},"end":{"line":23,"column":5}},{"start":{},"end":{}}]},"1":{"loc":{"start":{"line":11,"column":65},"end":{"line":11,"column":null}},"type":"cond-expr","locations":[{"start":{"line":11,"column":70},"end":{"line":11,"column":null}},{"start":{"line":11,"column":70},"end":{"line":11,"column":null}}]},"2":{"loc":{"start":{"line":11,"column":65},"end":{"line":11,"column":70}},"type":"binary-expr","locations":[{"start":{"line":11,"column":65},"end":{"line":11,"column":null}},{"start":{"line":11,"column":65},"end":{"line":11,"column":70}}]},"3":{"loc":{"start":{"line":11,"column":70},"end":{"line":12,"column":null}},"type":"cond-expr","locations":[{"start":{"line":12,"column":42},"end":{"line":12,"column":null}},{"start":{"line":12,"column":42},"end":{"line":12,"column":null}}]},"4":{"loc":{"start":{"line":11,"column":70},"end":{"line":12,"column":42}},"type":"binary-expr","locations":[{"start":{"line":11,"column":70},"end":{"line":12,"column":null}},{"start":{"line":12,"column":29},"end":{"line":12,"column":42}}]}},"s":{"0":1,"1":1,"2":1,"3":1,"4":1,"5":1,"6":2,"7":2,"8":2,"9":2,"10":1,"11":1,"12":1,"13":1,"14":1,"15":1},"f":{"0":2,"1":2},"b":{"0":[1,1],"1":[1,0],"2":[1,1],"3":[1,0],"4":[1,1]}}
,"/Users/harshmodi/Desktop/res-old/automated-api-one/backend/src/subscriptions/plans.constants.ts": {"path":"/Users/harshmodi/Desktop/res-old/automated-api-one/backend/src/subscriptions/plans.constants.ts","statementMap":{"0":{"start":{"line":1,"column":0},"end":{"line":1,"column":64}},"1":{"start":{"line":3,"column":13},"end":{"line":3,"column":32}}},"fnMap":{},"branchMap":{},"s":{"0":1,"1":1},"f":{},"b":{}}
,"/Users/harshmodi/Desktop/res-old/automated-api-one/backend/src/subscriptions/subscriptions.service.ts": {"path":"/Users/harshmodi/Desktop/res-old/automated-api-one/backend/src/subscriptions/subscriptions.service.ts","statementMap":{"0":{"start":{"line":1,"column":0},"end":{"line":1,"column":84}},"1":{"start":{"line":2,"column":0},"end":{"line":2,"column":50}},"2":{"start":{"line":3,"column":0},"end":{"line":3,"column":66}},"3":{"start":{"line":6,"column":7},"end":{"line":56,"column":null}},"4":{"start":{"line":7,"column":31},"end":{"line":7,"column":39}},"5":{"start":{"line":10,"column":16},"end":{"line":10,"column":26}},"6":{"start":{"line":11,"column":25},"end":{"line":19,"column":6}},"7":{"start":{"line":21,"column":4},"end":{"line":21,"column":26}},"8":{"start":{"line":25,"column":16},"end":{"line":25,"column":26}},"9":{"start":{"line":26,"column":20},"end":{"line":26,"column":30}},"10":{"start":{"line":27,"column":4},"end":{"line":27,"column":50}},"11":{"start":{"line":29,"column":4},"end":{"line":37,"column":7}},"12":{"start":{"line":41,"column":21},"end":{"line":43,"column":6}},"13":{"start":{"line":45,"column":4},"end":{"line":47,"column":5}},"14":{"start":{"line":46,"column":6},"end":{"line":46,"column":60}},"15":{"start":{"line":49,"column":4},"end":{"line":54,"column":7}},"16":{"start":{"line":6,"column":13},"end":{"line":6,"column":33}},"17":{"start":{"line":6,"column":13},"end":{"line":56,"column":null}}},"fnMap":{"0":{"name":"(anonymous_2)","decl":{"start":{"line":7,"column":2},"end":{"line":7,"column":31}},"loc":{"start":{"line":7,"column":52},"end":{"line":7,"column":56}}},"1":{"name":"(anonymous_3)","decl":{"start":{"line":9,"column":2},"end":{"line":9,"column":7}},"loc":{"start":{"line":9,"column":59},"end":{"line":22,"column":3}}},"2":{"name":"(anonymous_4)","decl":{"start":{"line":24,"column":2},"end":{"line":24,"column":7}},"loc":{"start":{"line":24,"column":67},"end":{"line":38,"column":3}}},"3":{"name":"(anonymous_5)","decl":{"start":{"line":40,"column":2},"end":{"line":40,"column":7}},"loc":{"start":{"line":40,"column":37},"end":{"line":55,"column":3}}}},"branchMap":{"0":{"loc":{"start":{"line":24,"column":50},"end":{"line":24,"column":67}},"type":"default-arg","locations":[{"start":{"line":24,"column":65},"end":{"line":24,"column":67}}]},"1":{"loc":{"start":{"line":45,"column":4},"end":{"line":47,"column":5}},"type":"if","locations":[{"start":{"line":45,"column":4},"end":{"line":47,"column":5}},{"start":{},"end":{}}]},"2":{"loc":{"start":{"line":7,"column":39},"end":{"line":7,"column":55}},"type":"cond-expr","locations":[{"start":{"line":7,"column":52},"end":{"line":7,"column":55}},{"start":{"line":7,"column":52},"end":{"line":7,"column":55}}]},"3":{"loc":{"start":{"line":7,"column":39},"end":{"line":7,"column":52}},"type":"binary-expr","locations":[{"start":{"line":7,"column":39},"end":{"line":7,"column":55}},{"start":{"line":7,"column":39},"end":{"line":7,"column":52}}]}},"s":{"0":1,"1":1,"2":1,"3":1,"4":5,"5":2,"6":2,"7":2,"8":1,"9":1,"10":1,"11":1,"12":2,"13":2,"14":1,"15":1,"16":1,"17":1},"f":{"0":5,"1":2,"2":1,"3":2},"b":{"0":[0],"1":[1,1],"2":[1,0],"3":[1,1]}}
,"/Users/harshmodi/Desktop/res-old/automated-api-one/backend/src/trades/trades.service.ts": {"path":"/Users/harshmodi/Desktop/res-old/automated-api-one/backend/src/trades/trades.service.ts","statementMap":{"0":{"start":{"line":1,"column":0},"end":{"line":1,"column":65}},"1":{"start":{"line":2,"column":0},"end":{"line":2,"column":50}},"2":{"start":{"line":3,"column":0},"end":{"line":3,"column":60}},"3":{"start":{"line":4,"column":0},"end":{"line":4,"column":25}},"4":{"start":{"line":5,"column":0},"end":{"line":5,"column":29}},"5":{"start":{"line":8,"column":7},"end":{"line":125,"column":null}},"6":{"start":{"line":9,"column":31},"end":{"line":9,"column":39}},"7":{"start":{"line":17,"column":29},"end":{"line":17,"column":39}},"8":{"start":{"line":18,"column":4},"end":{"line":20,"column":5}},"9":{"start":{"line":19,"column":6},"end":{"line":19,"column":34}},"10":{"start":{"line":22,"column":26},"end":{"line":35,"column":6}},"11":{"start":{"line":37,"column":4},"end":{"line":37,"column":27}},"12":{"start":{"line":41,"column":25},"end":{"line":46,"column":6}},"13":{"start":{"line":48,"column":19},"end":{"line":48,"column":20}},"14":{"start":{"line":49,"column":22},"end":{"line":49,"column":23}},"15":{"start":{"line":50,"column":20},"end":{"line":50,"column":21}},"16":{"start":{"line":51,"column":26},"end":{"line":51,"column":27}},"17":{"start":{"line":53,"column":4},"end":{"line":62,"column":5}},"18":{"start":{"line":54,"column":18},"end":{"line":54,"column":40}},"19":{"start":{"line":55,"column":6},"end":{"line":55,"column":22}},"20":{"start":{"line":56,"column":6},"end":{"line":61,"column":7}},"21":{"start":{"line":57,"column":8},"end":{"line":57,"column":27}},"22":{"start":{"line":58,"column":8},"end":{"line":58,"column":26}},"23":{"start":{"line":60,"column":8},"end":{"line":60,"column":25}},"24":{"start":{"line":64,"column":24},"end":{"line":64,"column":43}},"25":{"start":{"line":65,"column":20},"end":{"line":65,"column":79}},"26":{"start":{"line":67,"column":4},"end":{"line":74,"column":6}},"27":{"start":{"line":78,"column":4},"end":{"line":80,"column":5}},"28":{"start":{"line":79,"column":6},"end":{"line":79,"column":65}},"29":{"start":{"line":82,"column":19},"end":{"line":86,"column":6}},"30":{"start":{"line":89,"column":23},"end":{"line":89,"column":69}},"31":{"start":{"line":90,"column":4},"end":{"line":92,"column":5}},"32":{"start":{"line":91,"column":6},"end":{"line":91,"column":52}},"33":{"start":{"line":94,"column":21},"end":{"line":94,"column":70}},"34":{"start":{"line":95,"column":21},"end":{"line":95,"column":52}},"35":{"start":{"line":97,"column":4},"end":{"line":112,"column":5}},"36":{"start":{"line":99,"column":23},"end":{"line":99,"column":111}},"37":{"start":{"line":100,"column":6},"end":{"line":102,"column":7}},"38":{"start":{"line":101,"column":8},"end":{"line":101,"column":197}},"39":{"start":{"line":103,"column":6},"end":{"line":103,"column":54}},"40":{"start":{"line":106,"column":23},"end":{"line":106,"column":103}},"41":{"start":{"line":107,"column":6},"end":{"line":107,"column":101}},"42":{"start":{"line":108,"column":6},"end":{"line":110,"column":7}},"43":{"start":{"line":109,"column":8},"end":{"line":109,"column":203}},"44":{"start":{"line":111,"column":6},"end":{"line":111,"column":54}},"45":{"start":{"line":114,"column":20},"end":{"line":114,"column":42}},"46":{"start":{"line":117,"column":4},"end":{"line":123,"column":7}},"47":{"start":{"line":8,"column":13},"end":{"line":8,"column":26}},"48":{"start":{"line":8,"column":13},"end":{"line":125,"column":null}}},"fnMap":{"0":{"name":"(anonymous_11)","decl":{"start":{"line":9,"column":2},"end":{"line":9,"column":31}},"loc":{"start":{"line":9,"column":52},"end":{"line":9,"column":56}}},"1":{"name":"(anonymous_12)","decl":{"start":{"line":11,"column":2},"end":{"line":11,"column":7}},"loc":{"start":{"line":15,"column":14},"end":{"line":38,"column":3}}},"2":{"name":"(anonymous_13)","decl":{"start":{"line":40,"column":2},"end":{"line":40,"column":7}},"loc":{"start":{"line":40,"column":36},"end":{"line":75,"column":3}}},"3":{"name":"(anonymous_14)","decl":{"start":{"line":77,"column":2},"end":{"line":77,"column":7}},"loc":{"start":{"line":77,"column":58},"end":{"line":124,"column":3}}}},"branchMap":{"0":{"loc":{"start":{"line":14,"column":4},"end":{"line":14,"column":14}},"type":"default-arg","locations":[{"start":{"line":14,"column":12},"end":{"line":14,"column":14}}]},"1":{"loc":{"start":{"line":15,"column":4},"end":{"line":15,"column":14}},"type":"default-arg","locations":[{"start":{"line":15,"column":13},"end":{"line":15,"column":14}}]},"2":{"loc":{"start":{"line":18,"column":4},"end":{"line":20,"column":5}},"type":"if","locations":[{"start":{"line":18,"column":4},"end":{"line":20,"column":5}},{"start":{},"end":{}}]},"3":{"loc":{"start":{"line":54,"column":25},"end":{"line":54,"column":39}},"type":"binary-expr","locations":[{"start":{"line":54,"column":25},"end":{"line":54,"column":34}},{"start":{"line":54,"column":38},"end":{"line":54,"column":39}}]},"4":{"loc":{"start":{"line":56,"column":6},"end":{"line":61,"column":7}},"type":"if","locations":[{"start":{"line":56,"column":6},"end":{"line":61,"column":7}},{"start":{"line":59,"column":13},"end":{"line":61,"column":7}}]},"5":{"loc":{"start":{"line":65,"column":20},"end":{"line":65,"column":79}},"type":"cond-expr","locations":[{"start":{"line":65,"column":38},"end":{"line":65,"column":75}},{"start":{"line":65,"column":78},"end":{"line":65,"column":79}}]},"6":{"loc":{"start":{"line":78,"column":4},"end":{"line":80,"column":5}},"type":"if","locations":[{"start":{"line":78,"column":4},"end":{"line":80,"column":5}},{"start":{},"end":{}}]},"7":{"loc":{"start":{"line":78,"column":8},"end":{"line":78,"column":44}},"type":"binary-expr","locations":[{"start":{"line":78,"column":8},"end":{"line":78,"column":24}},{"start":{"line":78,"column":28},"end":{"line":78,"column":44}}]},"8":{"loc":{"start":{"line":90,"column":4},"end":{"line":92,"column":5}},"type":"if","locations":[{"start":{"line":90,"column":4},"end":{"line":92,"column":5}},{"start":{},"end":{}}]},"9":{"loc":{"start":{"line":97,"column":4},"end":{"line":112,"column":5}},"type":"if","locations":[{"start":{"line":97,"column":4},"end":{"line":112,"column":5}},{"start":{"line":104,"column":11},"end":{"line":112,"column":5}}]},"10":{"loc":{"start":{"line":101,"column":97},"end":{"line":101,"column":115}},"type":"binary-expr","locations":[{"start":{"line":101,"column":97},"end":{"line":101,"column":109}},{"start":{"line":101,"column":113},"end":{"line":101,"column":115}}]},"11":{"loc":{"start":{"line":101,"column":119},"end":{"line":101,"column":136}},"type":"binary-expr","locations":[{"start":{"line":101,"column":119},"end":{"line":101,"column":130}},{"start":{"line":101,"column":134},"end":{"line":101,"column":136}}]},"12":{"loc":{"start":{"line":101,"column":140},"end":{"line":101,"column":151}},"type":"binary-expr","locations":[{"start":{"line":101,"column":140},"end":{"line":101,"column":145}},{"start":{"line":101,"column":149},"end":{"line":101,"column":151}}]},"13":{"loc":{"start":{"line":109,"column":107},"end":{"line":109,"column":125}},"type":"binary-expr","locations":[{"start":{"line":109,"column":107},"end":{"line":109,"column":119}},{"start":{"line":109,"column":123},"end":{"line":109,"column":125}}]},"14":{"loc":{"start":{"line":109,"column":137},"end":{"line":109,"column":154}},"type":"binary-expr","locations":[{"start":{"line":109,"column":137},"end":{"line":109,"column":148}},{"start":{"line":109,"column":152},"end":{"line":109,"column":154}}]},"15":{"loc":{"start":{"line":109,"column":165},"end":{"line":109,"column":176}},"type":"binary-expr","locations":[{"start":{"line":109,"column":165},"end":{"line":109,"column":170}},{"start":{"line":109,"column":174},"end":{"line":109,"column":176}}]},"16":{"loc":{"start":{"line":9,"column":39},"end":{"line":9,"column":55}},"type":"cond-expr","locations":[{"start":{"line":9,"column":52},"end":{"line":9,"column":55}},{"start":{"line":9,"column":52},"end":{"line":9,"column":55}}]},"17":{"loc":{"start":{"line":9,"column":39},"end":{"line":9,"column":52}},"type":"binary-expr","locations":[{"start":{"line":9,"column":39},"end":{"line":9,"column":55}},{"start":{"line":9,"column":39},"end":{"line":9,"column":52}}]}},"s":{"0":1,"1":1,"2":1,"3":1,"4":1,"5":1,"6":7,"7":1,"8":1,"9":1,"10":1,"11":1,"12":2,"13":2,"14":2,"15":2,"16":2,"17":2,"18":2,"19":2,"20":2,"21":1,"22":1,"23":1,"24":2,"25":2,"26":2,"27":4,"28":1,"29":3,"30":3,"31":3,"32":1,"33":3,"34":3,"35":3,"36":2,"37":2,"38":1,"39":2,"40":1,"41":1,"42":1,"43":1,"44":1,"45":3,"46":3,"47":1,"48":1},"f":{"0":7,"1":1,"2":2,"3":4},"b":{"0":[0],"1":[0],"2":[1,0],"3":[2,0],"4":[1,1],"5":[1,1],"6":[1,3],"7":[4,2],"8":[1,2],"9":[2,1],"10":[1,0],"11":[1,0],"12":[1,0],"13":[1,0],"14":[1,0],"15":[1,0],"16":[1,0],"17":[1,1]}}
,"/Users/harshmodi/Desktop/res-old/automated-api-one/backend/src/trading/trading.service.ts": {"path":"/Users/harshmodi/Desktop/res-old/automated-api-one/backend/src/trading/trading.service.ts","statementMap":{"0":{"start":{"line":1,"column":0},"end":{"line":1,"column":52}},"1":{"start":{"line":4,"column":27},"end":{"line":43,"column":null}},"2":{"start":{"line":5,"column":28},"end":{"line":5,"column":59}},"3":{"start":{"line":8,"column":4},"end":{"line":8,"column":94}},"4":{"start":{"line":9,"column":4},"end":{"line":12,"column":6}},"5":{"start":{"line":16,"column":4},"end":{"line":16,"column":19}},"6":{"start":{"line":20,"column":4},"end":{"line":24,"column":6}},"7":{"start":{"line":28,"column":4},"end":{"line":33,"column":6}},"8":{"start":{"line":37,"column":4},"end":{"line":37,"column":49}},"9":{"start":{"line":41,"column":4},"end":{"line":41,"column":45}},"10":{"start":{"line":4,"column":13},"end":{"line":4,"column":27}},"11":{"start":{"line":4,"column":13},"end":{"line":43,"column":null}}},"fnMap":{"0":{"name":"(anonymous_1)","decl":{"start":{"line":7,"column":2},"end":{"line":7,"column":7}},"loc":{"start":{"line":7,"column":58},"end":{"line":13,"column":3}}},"1":{"name":"(anonymous_2)","decl":{"start":{"line":15,"column":2},"end":{"line":15,"column":7}},"loc":{"start":{"line":15,"column":72},"end":{"line":17,"column":3}}},"2":{"name":"(anonymous_3)","decl":{"start":{"line":19,"column":2},"end":{"line":19,"column":7}},"loc":{"start":{"line":19,"column":72},"end":{"line":25,"column":3}}},"3":{"name":"(anonymous_4)","decl":{"start":{"line":27,"column":2},"end":{"line":27,"column":7}},"loc":{"start":{"line":27,"column":53},"end":{"line":34,"column":3}}},"4":{"name":"(anonymous_5)","decl":{"start":{"line":36,"column":2},"end":{"line":36,"column":7}},"loc":{"start":{"line":36,"column":57},"end":{"line":38,"column":3}}},"5":{"name":"(anonymous_6)","decl":{"start":{"line":40,"column":2},"end":{"line":40,"column":7}},"loc":{"start":{"line":40,"column":49},"end":{"line":42,"column":3}}}},"branchMap":{},"s":{"0":1,"1":1,"2":7,"3":1,"4":1,"5":1,"6":1,"7":3,"8":1,"9":1,"10":1,"11":1},"f":{"0":1,"1":1,"2":1,"3":3,"4":1,"5":1},"b":{}}
,"/Users/harshmodi/Desktop/res-old/automated-api-one/backend/src/users/users.service.ts": {"path":"/Users/harshmodi/Desktop/res-old/automated-api-one/backend/src/users/users.service.ts","statementMap":{"0":{"start":{"line":1,"column":0},"end":{"line":1,"column":44}},"1":{"start":{"line":2,"column":0},"end":{"line":2,"column":50}},"2":{"start":{"line":3,"column":0},"end":{"line":3,"column":62}},"3":{"start":{"line":6,"column":7},"end":{"line":83,"column":null}},"4":{"start":{"line":7,"column":31},"end":{"line":7,"column":39}},"5":{"start":{"line":10,"column":4},"end":{"line":15,"column":7}},"6":{"start":{"line":19,"column":4},"end":{"line":21,"column":7}},"7":{"start":{"line":25,"column":21},"end":{"line":25,"column":52}},"8":{"start":{"line":26,"column":4},"end":{"line":28,"column":5}},"9":{"start":{"line":27,"column":6},"end":{"line":27,"column":22}},"10":{"start":{"line":31,"column":4},"end":{"line":37,"column":7}},"11":{"start":{"line":41,"column":4},"end":{"line":44,"column":7}},"12":{"start":{"line":48,"column":4},"end":{"line":53,"column":7}},"13":{"start":{"line":62,"column":21},"end":{"line":62,"column":60}},"14":{"start":{"line":63,"column":4},"end":{"line":72,"column":5}},"15":{"start":{"line":64,"column":6},"end":{"line":71,"column":9}},"16":{"start":{"line":74,"column":4},"end":{"line":81,"column":7}},"17":{"start":{"line":6,"column":13},"end":{"line":6,"column":25}},"18":{"start":{"line":6,"column":13},"end":{"line":83,"column":null}}},"fnMap":{"0":{"name":"(anonymous_2)","decl":{"start":{"line":7,"column":2},"end":{"line":7,"column":31}},"loc":{"start":{"line":7,"column":52},"end":{"line":7,"column":56}}},"1":{"name":"(anonymous_3)","decl":{"start":{"line":9,"column":2},"end":{"line":9,"column":7}},"loc":{"start":{"line":9,"column":35},"end":{"line":16,"column":3}}},"2":{"name":"(anonymous_4)","decl":{"start":{"line":18,"column":2},"end":{"line":18,"column":7}},"loc":{"start":{"line":18,"column":27},"end":{"line":22,"column":3}}},"3":{"name":"(anonymous_5)","decl":{"start":{"line":24,"column":2},"end":{"line":24,"column":7}},"loc":{"start":{"line":24,"column":41},"end":{"line":38,"column":3}}},"4":{"name":"(anonymous_6)","decl":{"start":{"line":40,"column":2},"end":{"line":40,"column":7}},"loc":{"start":{"line":40,"column":51},"end":{"line":45,"column":3}}},"5":{"name":"(anonymous_7)","decl":{"start":{"line":47,"column":2},"end":{"line":47,"column":7}},"loc":{"start":{"line":47,"column":51},"end":{"line":54,"column":3}}},"6":{"name":"(anonymous_8)","decl":{"start":{"line":56,"column":2},"end":{"line":56,"column":7}},"loc":{"start":{"line":60,"column":21},"end":{"line":82,"column":3}}}},"branchMap":{"0":{"loc":{"start":{"line":26,"column":4},"end":{"line":28,"column":5}},"type":"if","locations":[{"start":{"line":26,"column":4},"end":{"line":28,"column":5}},{"start":{},"end":{}}]},"1":{"loc":{"start":{"line":63,"column":4},"end":{"line":72,"column":5}},"type":"if","locations":[{"start":{"line":63,"column":4},"end":{"line":72,"column":5}},{"start":{},"end":{}}]},"2":{"loc":{"start":{"line":7,"column":39},"end":{"line":7,"column":55}},"type":"cond-expr","locations":[{"start":{"line":7,"column":52},"end":{"line":7,"column":55}},{"start":{"line":7,"column":52},"end":{"line":7,"column":55}}]},"3":{"loc":{"start":{"line":7,"column":39},"end":{"line":7,"column":52}},"type":"binary-expr","locations":[{"start":{"line":7,"column":39},"end":{"line":7,"column":55}},{"start":{"line":7,"column":39},"end":{"line":7,"column":52}}]}},"s":{"0":2,"1":2,"2":2,"3":2,"4":8,"5":3,"6":1,"7":2,"8":2,"9":1,"10":1,"11":1,"12":3,"13":2,"14":2,"15":1,"16":1,"17":2,"18":2},"f":{"0":8,"1":3,"2":1,"3":2,"4":1,"5":3,"6":2},"b":{"0":[1,1],"1":[1,1],"2":[2,0],"3":[2,2]}}
}
