TN:
SF:src/app.service.ts
FN:5,(anonymous_1)
FNF:1
FNH:1
FNDA:1,(anonymous_1)
DA:1,1
DA:4,1
DA:6,1
LF:3
LH:3
BRF:0
BRH:0
end_of_record
TN:
SF:src/prisma.service.ts
FN:1,(anonymous_0)
FNF:1
FNH:1
FNDA:87,(anonymous_0)
DA:1,99
LF:1
LH:1
BRF:0
BRH:0
end_of_record
TN:
SF:src/auth/auth.service.ts
FN:17,(anonymous_11)
FN:23,(anonymous_12)
FN:28,(anonymous_13)
FN:49,(anonymous_14)
FN:78,(anonymous_15)
FN:91,(anonymous_16)
FNF:6
FNH:6
FNDA:11,(anonymous_11)
FNDA:4,(anonymous_12)
FNDA:3,(anonymous_13)
FNDA:3,(anonymous_14)
FNDA:3,(anonymous_15)
FNDA:3,(anonymous_16)
DA:1,1
DA:2,1
DA:3,1
DA:4,1
DA:5,1
DA:13,1
DA:15,11
DA:18,11
DA:19,11
DA:20,11
DA:24,4
DA:25,4
DA:30,3
DA:31,1
DA:35,2
DA:36,2
DA:38,2
DA:41,2
DA:43,2
DA:53,3
DA:56,3
DA:57,3
DA:59,3
DA:60,1
DA:64,2
DA:67,2
DA:68,2
DA:69,2
DA:71,2
DA:79,3
DA:80,1
DA:83,2
DA:84,2
DA:85,2
DA:87,2
DA:88,2
DA:98,3
DA:99,3
DA:100,1
DA:103,2
DA:104,2
DA:105,2
DA:106,1
DA:110,1
DA:112,1
DA:113,1
DA:115,1
LF:47
LH:47
BRDA:30,0,0,1
BRDA:30,0,1,2
BRDA:30,1,0,3
BRDA:30,1,1,1
BRDA:57,2,0,3
BRDA:57,2,1,1
BRDA:57,2,2,1
BRDA:59,3,0,1
BRDA:59,3,1,2
BRDA:59,4,0,3
BRDA:59,4,1,2
BRDA:79,5,0,1
BRDA:79,5,1,2
BRDA:79,6,0,3
BRDA:79,6,1,2
BRDA:99,7,0,1
BRDA:99,7,1,2
BRDA:99,8,0,3
BRDA:99,8,1,3
BRDA:105,9,0,1
BRDA:105,9,1,1
BRDA:18,10,0,1
BRDA:18,10,1,0
BRDA:18,11,0,1
BRDA:18,11,1,1
BRDA:18,12,0,1
BRDA:18,12,1,0
BRDA:18,13,0,1
BRDA:18,13,1,1
BRDA:19,14,0,1
BRDA:19,14,1,0
BRDA:19,15,0,1
BRDA:19,15,1,1
BRF:33
BRH:30
end_of_record
TN:
SF:src/brokers/factory/broker.factory.ts
FN:8,(anonymous_2)
FN:10,(anonymous_3)
FNF:2
FNH:2
FNDA:5,(anonymous_2)
FNDA:2,(anonymous_3)
DA:1,1
DA:2,1
DA:7,1
DA:8,5
DA:11,2
DA:12,2
DA:13,1
DA:15,1
LF:8
LH:8
BRDA:12,0,0,1
BRDA:12,0,1,1
BRDA:8,1,0,1
BRDA:8,1,1,0
BRDA:8,2,0,1
BRDA:8,2,1,1
BRF:6
BRH:5
end_of_record
TN:
SF:src/brokers/interfaces/broker-adapter.interface.ts
FNF:0
FNH:0
DA:3,1
LF:1
LH:1
BRF:0
BRH:0
end_of_record
TN:
SF:src/brokers/interfaces/broker-type.enum.ts
FN:1,(anonymous_0)
FNF:1
FNH:1
FNDA:1,(anonymous_0)
DA:1,1
DA:2,1
DA:3,1
DA:4,1
DA:5,1
DA:6,1
LF:6
LH:6
BRDA:1,0,0,1
BRDA:1,0,1,1
BRF:2
BRH:2
end_of_record
TN:
SF:src/brokers/registry/broker.registry.ts
FN:10,(anonymous_2)
FN:12,(anonymous_3)
FN:16,(anonymous_4)
FN:20,(anonymous_5)
FNF:4
FNH:4
FNDA:5,(anonymous_2)
FNDA:1,(anonymous_3)
FNDA:3,(anonymous_4)
FNDA:5,(anonymous_5)
DA:1,1
DA:3,1
DA:4,1
DA:7,1
DA:8,5
DA:10,5
DA:13,1
DA:17,3
DA:21,5
LF:9
LH:9
BRDA:10,0,0,1
BRDA:10,0,1,0
BRDA:10,1,0,1
BRDA:10,1,1,1
BRF:4
BRH:3
end_of_record
TN:
SF:src/common/constants/seed.constants.ts
FNF:0
FNH:0
DA:1,2
DA:14,2
DA:32,2
DA:60,2
LF:4
LH:4
BRF:0
BRH:0
end_of_record
TN:
SF:src/consents/consents.service.ts
FN:7,(anonymous_2)
FN:9,(anonymous_3)
FN:15,(anonymous_4)
FN:20,(anonymous_5)
FN:25,(anonymous_6)
FN:62,(anonymous_7)
FN:86,(anonymous_8)
FNF:7
FNH:7
FNDA:6,(anonymous_2)
FNDA:8,(anonymous_3)
FNDA:6,(anonymous_4)
FNDA:2,(anonymous_5)
FNDA:2,(anonymous_6)
FNDA:2,(anonymous_7)
FNDA:2,(anonymous_8)
DA:1,1
DA:2,1
DA:3,1
DA:6,1
DA:7,6
DA:10,8
DA:12,8
DA:16,6
DA:17,6
DA:21,2
DA:22,2
DA:26,2
DA:27,2
DA:30,2
DA:37,2
DA:38,1
DA:41,1
DA:42,0
DA:52,1
DA:63,2
DA:65,2
DA:76,2
DA:77,1
DA:80,1
DA:87,2
DA:88,2
DA:95,2
DA:96,1
DA:99,1
LF:29
LH:28
BRDA:37,0,0,1
BRDA:37,0,1,1
BRDA:37,1,0,2
BRDA:37,1,1,1
BRDA:41,2,0,0
BRDA:41,2,1,1
BRDA:76,3,0,1
BRDA:76,3,1,1
BRDA:95,4,0,1
BRDA:95,4,1,1
BRDA:7,5,0,1
BRDA:7,5,1,0
BRDA:7,6,0,1
BRDA:7,6,1,1
BRF:14
BRH:12
end_of_record
TN:
SF:src/database/prisma/prisma.service.ts
FN:12,(anonymous_1)
FN:17,(anonymous_2)
FN:18,(anonymous_3)
FN:19,(anonymous_4)
FN:20,(anonymous_5)
FN:21,(anonymous_6)
FN:22,(anonymous_7)
FN:23,(anonymous_8)
FN:24,(anonymous_9)
FN:25,(anonymous_10)
FN:26,(anonymous_11)
FN:27,(anonymous_12)
FN:28,(anonymous_13)
FN:29,(anonymous_14)
FN:30,(anonymous_15)
FN:31,(anonymous_16)
FN:32,(anonymous_17)
FN:33,(anonymous_18)
FN:34,(anonymous_19)
FN:35,(anonymous_20)
FN:38,(anonymous_21)
FN:39,(anonymous_22)
FN:40,(anonymous_23)
FN:42,(anonymous_24)
FN:47,(anonymous_25)
FN:52,(anonymous_26)
FN:56,(anonymous_27)
FNF:27
FNH:27
FNDA:3,(anonymous_1)
FNDA:1,(anonymous_2)
FNDA:1,(anonymous_3)
FNDA:1,(anonymous_4)
FNDA:1,(anonymous_5)
FNDA:1,(anonymous_6)
FNDA:1,(anonymous_7)
FNDA:1,(anonymous_8)
FNDA:1,(anonymous_9)
FNDA:1,(anonymous_10)
FNDA:1,(anonymous_11)
FNDA:1,(anonymous_12)
FNDA:1,(anonymous_13)
FNDA:1,(anonymous_14)
FNDA:1,(anonymous_15)
FNDA:1,(anonymous_16)
FNDA:1,(anonymous_17)
FNDA:1,(anonymous_18)
FNDA:1,(anonymous_19)
FNDA:1,(anonymous_20)
FNDA:1,(anonymous_21)
FNDA:1,(anonymous_22)
FNDA:1,(anonymous_23)
FNDA:1,(anonymous_24)
FNDA:1,(anonymous_25)
FNDA:1,(anonymous_26)
FNDA:1,(anonymous_27)
DA:1,13
DA:2,13
DA:3,13
DA:6,13
DA:7,3
DA:8,3
DA:9,3
DA:13,3
DA:17,1
DA:18,1
DA:19,1
DA:20,1
DA:21,1
DA:22,1
DA:23,1
DA:24,1
DA:25,1
DA:26,1
DA:27,1
DA:28,1
DA:29,1
DA:30,1
DA:31,1
DA:32,1
DA:33,1
DA:34,1
DA:35,1
DA:38,1
DA:39,1
DA:40,1
DA:43,1
DA:44,1
DA:48,1
DA:49,1
DA:53,1
DA:57,1
LF:36
LH:36
BRF:0
BRH:0
end_of_record
TN:
SF:src/database/prisma/extensions/prisma.extension.ts
FN:5,(anonymous_0)
FN:9,(anonymous_1)
FN:18,(anonymous_2)
FN:27,(anonymous_3)
FN:36,(anonymous_4)
FN:45,(anonymous_5)
FN:54,(anonymous_6)
FN:67,(anonymous_7)
FN:85,(anonymous_8)
FNF:9
FNH:9
FNDA:13,(anonymous_0)
FNDA:2,(anonymous_1)
FNDA:2,(anonymous_2)
FNDA:2,(anonymous_3)
FNDA:1,(anonymous_4)
FNDA:1,(anonymous_5)
FNDA:1,(anonymous_6)
FNDA:2,(anonymous_7)
FNDA:1,(anonymous_8)
DA:3,14
DA:5,14
DA:6,13
DA:10,2
DA:11,1
DA:16,1
DA:19,2
DA:20,1
DA:25,1
DA:28,2
DA:29,2
DA:30,2
DA:31,1
DA:34,2
DA:37,1
DA:38,1
DA:39,1
DA:40,1
DA:43,1
DA:46,1
DA:47,1
DA:48,1
DA:49,1
DA:52,1
DA:55,1
DA:56,1
DA:57,1
DA:58,1
DA:61,1
DA:71,2
DA:72,2
DA:73,2
DA:75,2
DA:77,2
DA:81,2
DA:86,1
LF:36
LH:36
BRDA:10,0,0,1
BRDA:10,0,1,1
BRDA:19,1,0,1
BRDA:19,1,1,1
BRDA:28,2,0,2
BRDA:28,2,1,0
BRDA:29,3,0,2
BRDA:29,3,1,0
BRDA:30,4,0,1
BRDA:30,4,1,1
BRDA:37,5,0,1
BRDA:37,5,1,0
BRDA:38,6,0,1
BRDA:38,6,1,1
BRDA:39,7,0,1
BRDA:39,7,1,0
BRDA:46,8,0,1
BRDA:46,8,1,0
BRDA:47,9,0,1
BRDA:47,9,1,0
BRDA:48,10,0,1
BRDA:48,10,1,0
BRDA:55,11,0,1
BRDA:55,11,1,0
BRDA:56,12,0,1
BRDA:56,12,1,1
BRDA:57,13,0,1
BRDA:57,13,1,0
BRDA:69,14,0,1
BRDA:71,15,0,2
BRDA:71,15,1,1
BRDA:72,16,0,2
BRDA:72,16,1,1
BRF:33
BRH:24
end_of_record
TN:
SF:src/health/broker.health.ts
FN:8,(anonymous_3)
FN:12,(anonymous_4)
FNF:2
FNH:2
FNDA:10,(anonymous_3)
FNDA:6,(anonymous_4)
DA:1,1
DA:2,1
DA:3,1
DA:4,1
DA:7,1
DA:8,10
DA:9,10
DA:13,6
DA:14,6
DA:15,6
DA:16,3
DA:19,3
DA:21,3
DA:22,1
DA:23,1
DA:25,0
DA:28,2
DA:29,2
DA:30,1
DA:31,1
DA:34,1
DA:36,0
LF:22
LH:20
BRDA:14,0,0,6
BRDA:14,0,1,3
BRDA:15,1,0,3
BRDA:15,1,1,3
BRDA:22,2,0,1
BRDA:22,2,1,0
BRDA:30,3,0,1
BRDA:30,3,1,0
BRDA:8,4,0,1
BRDA:8,4,1,0
BRDA:8,5,0,1
BRDA:8,5,1,1
BRF:12
BRH:9
end_of_record
TN:
SF:src/health/redis.health.ts
FN:8,(anonymous_3)
FN:12,(anonymous_4)
FNF:2
FNH:2
FNDA:10,(anonymous_3)
FNDA:4,(anonymous_4)
DA:1,1
DA:2,1
DA:3,1
DA:4,1
DA:7,1
DA:8,10
DA:9,10
DA:13,4
DA:14,4
DA:16,4
DA:23,4
DA:24,4
DA:25,4
DA:26,3
DA:28,3
DA:29,3
DA:31,0
DA:33,1
DA:34,1
DA:36,1
LF:20
LH:19
BRDA:28,0,0,3
BRDA:28,0,1,0
BRDA:8,1,0,1
BRDA:8,1,1,0
BRDA:8,2,0,1
BRDA:8,2,1,1
BRF:6
BRH:4
end_of_record
TN:
SF:src/notifications/notifications.service.ts
FN:7,(anonymous_2)
FN:9,(anonymous_3)
FN:29,(anonymous_4)
FN:45,(anonymous_5)
FNF:4
FNH:4
FNDA:3,(anonymous_2)
FNDA:1,(anonymous_3)
FNDA:1,(anonymous_4)
FNDA:1,(anonymous_5)
DA:1,1
DA:2,1
DA:6,1
DA:7,3
DA:14,1
DA:26,1
DA:30,1
DA:42,1
DA:51,1
DA:62,1
DA:63,1
DA:64,1
DA:65,1
DA:67,1
LF:14
LH:14
BRDA:11,0,0,0
BRDA:12,1,0,0
BRDA:7,2,0,1
BRDA:7,2,1,0
BRDA:7,3,0,1
BRDA:7,3,1,1
BRF:6
BRH:3
end_of_record
TN:
SF:src/positions/positions.service.ts
FN:7,(anonymous_2)
FN:9,(anonymous_3)
FN:62,(anonymous_4)
FN:91,(anonymous_5)
FNF:4
FNH:4
FNDA:4,(anonymous_2)
FNDA:1,(anonymous_3)
FNDA:3,(anonymous_4)
FNDA:1,(anonymous_5)
DA:1,1
DA:2,1
DA:3,1
DA:6,1
DA:7,4
DA:10,1
DA:26,1
DA:29,1
DA:30,1
DA:32,1
DA:33,1
DA:36,1
DA:37,1
DA:38,1
DA:41,1
DA:56,1
DA:59,1
DA:63,3
DA:74,3
DA:75,1
DA:78,2
DA:79,1
DA:82,1
DA:83,1
DA:84,1
DA:87,1
DA:88,1
DA:91,1
DA:93,1
DA:104,1
DA:114,1
DA:125,1
LF:32
LH:32
BRDA:37,0,0,1
BRDA:37,0,1,0
BRDA:74,1,0,1
BRDA:74,1,1,2
BRDA:74,2,0,3
BRDA:74,2,1,2
BRDA:78,3,0,1
BRDA:78,3,1,1
BRDA:87,4,0,1
BRDA:87,4,1,0
BRDA:7,5,0,1
BRDA:7,5,1,0
BRDA:7,6,0,1
BRDA:7,6,1,1
BRF:14
BRH:11
end_of_record
TN:
SF:src/risk/risk.service.ts
FN:7,(anonymous_2)
FN:9,(anonymous_3)
FN:29,(anonymous_4)
FN:84,(anonymous_5)
FN:97,(anonymous_6)
FN:138,(anonymous_7)
FN:167,(anonymous_8)
FN:217,(anonymous_9)
FNF:8
FNH:8
FNDA:10,(anonymous_2)
FNDA:1,(anonymous_3)
FNDA:1,(anonymous_4)
FNDA:2,(anonymous_5)
FNDA:1,(anonymous_6)
FNDA:2,(anonymous_7)
FNDA:2,(anonymous_8)
FNDA:2,(anonymous_9)
DA:1,1
DA:2,1
DA:3,1
DA:6,1
DA:7,10
DA:14,1
DA:26,1
DA:30,1
DA:42,1
DA:43,1
DA:45,1
DA:47,1
DA:49,1
DA:60,1
DA:61,1
DA:62,1
DA:66,1
DA:67,1
DA:68,1
DA:70,1
DA:81,1
DA:85,2
DA:92,2
DA:93,1
DA:97,1
DA:99,1
DA:107,1
DA:114,1
DA:115,1
DA:125,1
DA:134,1
DA:144,2
DA:148,2
DA:149,0
DA:152,2
DA:153,1
DA:161,1
DA:164,1
DA:168,2
DA:172,2
DA:173,0
DA:176,2
DA:177,2
DA:179,2
DA:188,2
DA:189,2
DA:190,3
DA:193,2
DA:194,2
DA:196,2
DA:198,1
DA:203,1
DA:211,1
DA:214,1
DA:218,2
DA:222,2
DA:223,0
DA:226,2
DA:230,2
DA:231,0
DA:234,2
DA:235,1
DA:243,1
DA:246,1
LF:64
LH:60
BRDA:11,0,0,0
BRDA:12,1,0,0
BRDA:62,2,0,1
BRDA:62,2,1,0
BRDA:66,3,0,1
BRDA:66,3,1,0
BRDA:92,4,0,1
BRDA:92,4,1,1
BRDA:114,5,0,1
BRDA:114,5,1,0
BRDA:148,6,0,0
BRDA:148,6,1,2
BRDA:152,7,0,1
BRDA:152,7,1,1
BRDA:172,8,0,0
BRDA:172,8,1,2
BRDA:190,9,0,3
BRDA:190,9,1,0
BRDA:193,10,0,2
BRDA:193,10,1,0
BRDA:196,11,0,1
BRDA:196,11,1,1
BRDA:222,12,0,0
BRDA:222,12,1,2
BRDA:230,13,0,0
BRDA:230,13,1,2
BRDA:234,14,0,1
BRDA:234,14,1,1
BRDA:7,15,0,1
BRDA:7,15,1,0
BRDA:7,16,0,1
BRDA:7,16,1,1
BRF:32
BRH:20
end_of_record
TN:
SF:src/segments/segments.service.ts
FN:8,(anonymous_2)
FN:10,(anonymous_3)
FN:14,(anonymous_4)
FN:54,(anonymous_5)
FN:62,(anonymous_6)
FN:117,(anonymous_7)
FNF:6
FNH:6
FNDA:7,(anonymous_2)
FNDA:1,(anonymous_3)
FNDA:1,(anonymous_4)
FNDA:1,(anonymous_5)
FNDA:3,(anonymous_6)
FNDA:2,(anonymous_7)
DA:1,1
DA:2,1
DA:3,1
DA:4,1
DA:7,1
DA:8,7
DA:11,1
DA:15,1
DA:16,1
DA:40,1
DA:41,3
DA:55,1
DA:74,3
DA:78,3
DA:79,1
DA:82,2
DA:89,2
DA:90,1
DA:103,1
DA:118,2
DA:125,2
DA:126,1
DA:129,1
LF:23
LH:23
BRDA:78,0,0,1
BRDA:78,0,1,2
BRDA:89,1,0,1
BRDA:89,1,1,1
BRDA:125,2,0,1
BRDA:125,2,1,1
BRDA:8,3,0,1
BRDA:8,3,1,0
BRDA:8,4,0,1
BRDA:8,4,1,1
BRF:10
BRH:9
end_of_record
TN:
SF:src/signals/signals.service.ts
FN:10,(anonymous_4)
FN:15,(anonymous_5)
FNF:2
FNH:2
FNDA:2,(anonymous_4)
FNDA:2,(anonymous_5)
DA:1,1
DA:2,1
DA:3,1
DA:4,1
DA:6,1
DA:9,1
DA:11,2
DA:12,2
DA:17,2
DA:21,2
DA:22,1
DA:26,1
DA:42,1
DA:47,1
LF:14
LH:14
BRDA:21,0,0,1
BRDA:21,0,1,1
BRDA:11,1,0,1
BRDA:11,1,1,0
BRDA:11,2,0,1
BRDA:11,2,1,1
BRDA:11,3,0,1
BRDA:11,3,1,0
BRDA:11,4,0,1
BRDA:11,4,1,1
BRF:10
BRH:8
end_of_record
TN:
SF:src/subscriptions/plans.constants.ts
FNF:0
FNH:0
DA:1,1
DA:3,1
LF:2
LH:2
BRF:0
BRH:0
end_of_record
TN:
SF:src/subscriptions/subscriptions.service.ts
FN:7,(anonymous_2)
FN:9,(anonymous_3)
FN:24,(anonymous_4)
FN:40,(anonymous_5)
FNF:4
FNH:4
FNDA:5,(anonymous_2)
FNDA:2,(anonymous_3)
FNDA:1,(anonymous_4)
FNDA:2,(anonymous_5)
DA:1,1
DA:2,1
DA:3,1
DA:6,1
DA:7,5
DA:10,2
DA:11,2
DA:21,2
DA:25,1
DA:26,1
DA:27,1
DA:29,1
DA:41,2
DA:45,2
DA:46,1
DA:49,1
LF:16
LH:16
BRDA:24,0,0,0
BRDA:45,1,0,1
BRDA:45,1,1,1
BRDA:7,2,0,1
BRDA:7,2,1,0
BRDA:7,3,0,1
BRDA:7,3,1,1
BRF:7
BRH:5
end_of_record
TN:
SF:src/trades/trades.service.ts
FN:9,(anonymous_11)
FN:11,(anonymous_12)
FN:40,(anonymous_13)
FN:77,(anonymous_14)
FNF:4
FNH:4
FNDA:7,(anonymous_11)
FNDA:1,(anonymous_12)
FNDA:2,(anonymous_13)
FNDA:4,(anonymous_14)
DA:1,1
DA:2,1
DA:3,1
DA:4,1
DA:5,1
DA:8,1
DA:9,7
DA:17,1
DA:18,1
DA:19,1
DA:22,1
DA:37,1
DA:41,2
DA:48,2
DA:49,2
DA:50,2
DA:51,2
DA:53,2
DA:54,2
DA:55,2
DA:56,2
DA:57,1
DA:58,1
DA:60,1
DA:64,2
DA:65,2
DA:67,2
DA:78,4
DA:79,1
DA:82,3
DA:89,3
DA:90,3
DA:91,1
DA:94,3
DA:95,3
DA:97,3
DA:99,2
DA:100,2
DA:101,1
DA:103,2
DA:106,1
DA:107,1
DA:108,1
DA:109,1
DA:111,1
DA:114,3
DA:117,3
LF:47
LH:47
BRDA:14,0,0,0
BRDA:15,1,0,0
BRDA:18,2,0,1
BRDA:18,2,1,0
BRDA:54,3,0,2
BRDA:54,3,1,0
BRDA:56,4,0,1
BRDA:56,4,1,1
BRDA:65,5,0,1
BRDA:65,5,1,1
BRDA:78,6,0,1
BRDA:78,6,1,3
BRDA:78,7,0,4
BRDA:78,7,1,2
BRDA:90,8,0,1
BRDA:90,8,1,2
BRDA:97,9,0,2
BRDA:97,9,1,1
BRDA:101,10,0,1
BRDA:101,10,1,0
BRDA:101,11,0,1
BRDA:101,11,1,0
BRDA:101,12,0,1
BRDA:101,12,1,0
BRDA:109,13,0,1
BRDA:109,13,1,0
BRDA:109,14,0,1
BRDA:109,14,1,0
BRDA:109,15,0,1
BRDA:109,15,1,0
BRDA:9,16,0,1
BRDA:9,16,1,0
BRDA:9,17,0,1
BRDA:9,17,1,1
BRF:34
BRH:23
end_of_record
TN:
SF:src/trading/trading.service.ts
FN:7,(anonymous_1)
FN:15,(anonymous_2)
FN:19,(anonymous_3)
FN:27,(anonymous_4)
FN:36,(anonymous_5)
FN:40,(anonymous_6)
FNF:6
FNH:6
FNDA:1,(anonymous_1)
FNDA:1,(anonymous_2)
FNDA:1,(anonymous_3)
FNDA:3,(anonymous_4)
FNDA:1,(anonymous_5)
FNDA:1,(anonymous_6)
DA:1,1
DA:4,1
DA:5,7
DA:8,1
DA:9,1
DA:16,1
DA:20,1
DA:28,3
DA:37,1
DA:41,1
LF:10
LH:10
BRF:0
BRH:0
end_of_record
TN:
SF:src/users/users.service.ts
FN:7,(anonymous_2)
FN:9,(anonymous_3)
FN:18,(anonymous_4)
FN:24,(anonymous_5)
FN:40,(anonymous_6)
FN:47,(anonymous_7)
FN:56,(anonymous_8)
FNF:7
FNH:7
FNDA:8,(anonymous_2)
FNDA:3,(anonymous_3)
FNDA:1,(anonymous_4)
FNDA:2,(anonymous_5)
FNDA:1,(anonymous_6)
FNDA:3,(anonymous_7)
FNDA:2,(anonymous_8)
DA:1,2
DA:2,2
DA:3,2
DA:6,2
DA:7,8
DA:10,3
DA:19,1
DA:25,2
DA:26,2
DA:27,1
DA:31,1
DA:41,1
DA:48,3
DA:62,2
DA:63,2
DA:64,1
DA:74,1
LF:17
LH:17
BRDA:26,0,0,1
BRDA:26,0,1,1
BRDA:63,1,0,1
BRDA:63,1,1,1
BRDA:7,2,0,2
BRDA:7,2,1,0
BRDA:7,3,0,2
BRDA:7,3,1,2
BRF:8
BRH:7
end_of_record
